<?xml version="1.0" encoding="UTF-8"?>
<testsuite name="tests.WebQuizEngineTest" tests="1" skipped="0" failures="0" errors="0" timestamp="2021-07-28T15:40:19" hostname="Williams-MacBook-Pro-184.local" time="58.039">
  <properties/>
  <testcase name="start" classname="tests.WebQuizEngineTest" time="58.039"/>
  <system-out><![CDATA[?[1;31m
Start test 1?[0m

  .   ____          _            __ _ _
 /\\ / ___'_ __ _ _(_)_ __  __ _ \ \ \ \
( ( )\___ | '_ | '_| | '_ \/ _` | \ \ \ \
 \\/  ___)| |_)| | | | | || (_| |  ) ) ) )
  '  |____| .__|_| |_|_| |_\__, | / / / /
 =========|_|==============|___/=/_/_/_/
 :: Spring Boot ::        (v2.2.2.RELEASE)

2021-07-28 10:40:21.107  INFO 14480 --- [    Test worker] engine.WebQuizEngine                     : Starting WebQuizEngine on Williams-MacBook-Pro-184.local with PID 14480 (started by Polvyer in /Users/Polvyer/IdeaProjects/Web Quiz Engine/Web Quiz Engine/task)
2021-07-28 10:40:21.118  INFO 14480 --- [    Test worker] engine.WebQuizEngine                     : No active profile set, falling back to default profiles: default
2021-07-28 10:40:22.749  INFO 14480 --- [    Test worker] .s.d.r.c.RepositoryConfigurationDelegate : Bootstrapping Spring Data JPA repositories in DEFAULT mode.
2021-07-28 10:40:22.844  INFO 14480 --- [    Test worker] .s.d.r.c.RepositoryConfigurationDelegate : Finished Spring Data repository scanning in 81ms. Found 3 JPA repository interfaces.
2021-07-28 10:40:24.269  INFO 14480 --- [    Test worker] trationDelegate$BeanPostProcessorChecker : Bean 'org.springframework.transaction.annotation.ProxyTransactionManagementConfiguration' of type [org.springframework.transaction.annotation.ProxyTransactionManagementConfiguration] is not eligible for getting processed by all BeanPostProcessors (for example: not eligible for auto-proxying)
2021-07-28 10:40:24.734  INFO 14480 --- [    Test worker] o.s.b.w.embedded.tomcat.TomcatWebServer  : Tomcat initialized with port(s): 8889 (http)
2021-07-28 10:40:24.753  INFO 14480 --- [    Test worker] o.apache.catalina.core.StandardService   : Starting service [Tomcat]
2021-07-28 10:40:24.753  INFO 14480 --- [    Test worker] org.apache.catalina.core.StandardEngine  : Starting Servlet engine: [Apache Tomcat/9.0.29]
2021-07-28 10:40:24.944  INFO 14480 --- [    Test worker] o.a.c.c.C.[Tomcat].[localhost].[/]       : Initializing Spring embedded WebApplicationContext
2021-07-28 10:40:24.944  INFO 14480 --- [    Test worker] o.s.web.context.ContextLoader            : Root WebApplicationContext: initialization completed in 3706 ms
2021-07-28 10:40:25.177  INFO 14480 --- [    Test worker] com.zaxxer.hikari.HikariDataSource       : HikariPool-1 - Starting...
2021-07-28 10:40:25.551  INFO 14480 --- [    Test worker] com.zaxxer.hikari.HikariDataSource       : HikariPool-1 - Start completed.
2021-07-28 10:40:25.563  INFO 14480 --- [    Test worker] o.s.b.a.h2.H2ConsoleAutoConfiguration    : H2 console available at '/h2-console'. Database available at 'jdbc:h2:file:../quizdb'
2021-07-28 10:40:26.082  INFO 14480 --- [    Test worker] o.hibernate.jpa.internal.util.LogHelper  : HHH000204: Processing PersistenceUnitInfo [name: default]
2021-07-28 10:40:26.211  INFO 14480 --- [    Test worker] org.hibernate.Version                    : HHH000412: Hibernate Core {5.4.9.Final}
2021-07-28 10:40:26.536  INFO 14480 --- [    Test worker] o.hibernate.annotations.common.Version   : HCANN000001: Hibernate Commons Annotations {5.1.0.Final}
2021-07-28 10:40:26.752  INFO 14480 --- [    Test worker] org.hibernate.dialect.Dialect            : HHH000400: Using dialect: org.hibernate.dialect.H2Dialect
Hibernate: create table completed_quiz (completed_at timestamp not null, email varchar(255) not null, id integer not null, primary key (completed_at, email, id))
Hibernate: create table quiz (id integer not null, text varchar(255), title varchar(255), userid integer, primary key (id))
Hibernate: create table quiz_answer (quiz_id integer not null, answer integer)
Hibernate: create table quiz_options (quiz_id integer not null, options varchar(255))
Hibernate: create table user (id integer not null, email varchar(255), password varchar(255), primary key (id))
Hibernate: alter table user drop constraint if exists UK_ob8kqyqqgmefl0aco34akdtpe
Hibernate: alter table user add constraint UK_ob8kqyqqgmefl0aco34akdtpe unique (email)
Hibernate: create sequence hibernate_sequence start with 1 increment by 1
Hibernate: alter table quiz add constraint FKbduqowuxvrrbg85ld1fm2wdv5 foreign key (userid) references user
Hibernate: alter table quiz_answer add constraint FKoxi2td1x8cc3y4a0vlsg2hfnc foreign key (quiz_id) references quiz
Hibernate: alter table quiz_options add constraint FKsx28j7orq6asg17veq9nblhw8 foreign key (quiz_id) references quiz
2021-07-28 10:40:28.306  INFO 14480 --- [    Test worker] o.h.e.t.j.p.i.JtaPlatformInitiator       : HHH000490: Using JtaPlatform implementation: [org.hibernate.engine.transaction.jta.platform.internal.NoJtaPlatform]
2021-07-28 10:40:28.318  INFO 14480 --- [    Test worker] j.LocalContainerEntityManagerFactoryBean : Initialized JPA EntityManagerFactory for persistence unit 'default'
2021-07-28 10:40:29.182  WARN 14480 --- [    Test worker] JpaBaseConfiguration$JpaWebConfiguration : spring.jpa.open-in-view is enabled by default. Therefore, database queries may be performed during view rendering. Explicitly configure spring.jpa.open-in-view to disable this warning
2021-07-28 10:40:29.771  INFO 14480 --- [    Test worker] o.s.b.a.e.web.EndpointLinksResolver      : Exposing 14 endpoint(s) beneath base path '/actuator'
2021-07-28 10:40:29.960  INFO 14480 --- [    Test worker] pertySourcedRequestMappingHandlerMapping : Mapped URL path [/v2/api-docs] onto method [springfox.documentation.swagger2.web.Swagger2Controller#getDocumentation(String, HttpServletRequest)]
2021-07-28 10:40:30.245  INFO 14480 --- [    Test worker] o.s.s.web.DefaultSecurityFilterChain     : Creating filter chain: any request, [org.springframework.security.web.context.request.async.WebAsyncManagerIntegrationFilter@5dc8c4f7, org.springframework.security.web.context.SecurityContextPersistenceFilter@42953ec6, org.springframework.security.web.header.HeaderWriterFilter@6f4a718d, org.springframework.security.web.authentication.logout.LogoutFilter@7c89a4d7, org.springframework.security.web.authentication.www.BasicAuthenticationFilter@1f160a83, org.springframework.security.web.savedrequest.RequestCacheAwareFilter@4d0ba1c7, org.springframework.security.web.servletapi.SecurityContextHolderAwareRequestFilter@550bb325, org.springframework.security.web.authentication.AnonymousAuthenticationFilter@63e23353, org.springframework.security.web.session.SessionManagementFilter@4788be6, org.springframework.security.web.access.ExceptionTranslationFilter@4b6e0882, org.springframework.security.web.access.intercept.FilterSecurityInterceptor@5b1676]
2021-07-28 10:40:30.425  INFO 14480 --- [    Test worker] o.s.s.concurrent.ThreadPoolTaskExecutor  : Initializing ExecutorService 'applicationTaskExecutor'
2021-07-28 10:40:30.812  INFO 14480 --- [    Test worker] d.s.w.p.DocumentationPluginsBootstrapper : Context refreshed
2021-07-28 10:40:30.851  INFO 14480 --- [    Test worker] d.s.w.p.DocumentationPluginsBootstrapper : Found 1 custom documentation plugin(s)
2021-07-28 10:40:30.916  INFO 14480 --- [    Test worker] s.d.s.w.s.ApiListingReferenceScanner     : Scanning for api listing references
2021-07-28 10:40:31.282  INFO 14480 --- [    Test worker] o.s.b.w.embedded.tomcat.TomcatWebServer  : Tomcat started on port(s): 8889 (http) with context path ''
2021-07-28 10:40:31.290  INFO 14480 --- [    Test worker] engine.WebQuizEngine                     : Started WebQuizEngine in 10.987 seconds (JVM running for 12.404)
2021-07-28 10:40:31.995  INFO 14480 --- [nio-8889-exec-1] o.a.c.c.C.[Tomcat].[localhost].[/]       : Initializing Spring DispatcherServlet 'dispatcherServlet'
2021-07-28 10:40:31.996  INFO 14480 --- [nio-8889-exec-1] o.s.web.servlet.DispatcherServlet        : Initializing Servlet 'dispatcherServlet'
2021-07-28 10:40:32.019  INFO 14480 --- [nio-8889-exec-1] o.s.web.servlet.DispatcherServlet        : Completed initialization in 22 ms
Hibernate: select user0_.id as col_0_0_ from user user0_ where user0_.email=? limit ?
Hibernate: call next value for hibernate_sequence
Hibernate: insert into user (email, password, id) values (?, ?, ?)
?[1;31m
Start test 2?[0m
Hibernate: select user0_.id as col_0_0_ from user user0_ where user0_.email=? limit ?
Hibernate: call next value for hibernate_sequence
Hibernate: insert into user (email, password, id) values (?, ?, ?)
?[1;31m
Start test 3?[0m
2021-07-28 10:40:33.033  WARN 14480 --- [nio-8889-exec-3] .w.s.m.s.DefaultHandlerExceptionResolver : Resolved [org.springframework.web.bind.MethodArgumentNotValidException: Validation failed for argument [0] in public void engine.api.controller.UserController.registerUser(engine.api.entity.User) throws org.springframework.web.server.ResponseStatusException with 2 errors: [Field error in object 'user' on field 'email': rejected value [google.com]; codes [Pattern.user.email,Pattern.email,Pattern.java.lang.String,Pattern]; arguments [org.springframework.context.support.DefaultMessageSourceResolvable: codes [user.email,email]; arguments []; default message [email],[Ljavax.validation.constraints.Pattern$Flag;@6fe1c4c6,\w*@\w*[.]\w*]; default message [Email must have a valid format]] [Field error in object 'user' on field 'email': rejected value [google.com]; codes [Email.user.email,Email.email,Email.java.lang.String,Email]; arguments [org.springframework.context.support.DefaultMessageSourceResolvable: codes [user.email,email]; arguments []; default message [email],[Ljavax.validation.constraints.Pattern$Flag;@77b8eed4,.*]; default message [must be a well-formed email address]] ]
?[1;31m
Start test 4?[0m
2021-07-28 10:40:33.127  WARN 14480 --- [nio-8889-exec-4] .w.s.m.s.DefaultHandlerExceptionResolver : Resolved [org.springframework.web.bind.MethodArgumentNotValidException: Validation failed for argument [0] in public void engine.api.controller.UserController.registerUser(engine.api.entity.User) throws org.springframework.web.server.ResponseStatusException: [Field error in object 'user' on field 'email': rejected value [well@googlecom]; codes [Pattern.user.email,Pattern.email,Pattern.java.lang.String,Pattern]; arguments [org.springframework.context.support.DefaultMessageSourceResolvable: codes [user.email,email]; arguments []; default message [email],[Ljavax.validation.constraints.Pattern$Flag;@6fe1c4c6,\w*@\w*[.]\w*]; default message [Email must have a valid format]] ]
?[1;31m
Start test 5?[0m
Hibernate: select user0_.id as col_0_0_ from user user0_ where user0_.email=? limit ?
?[1;31m
Start test 6?[0m
2021-07-28 10:40:33.168  WARN 14480 --- [nio-8889-exec-6] .w.s.m.s.DefaultHandlerExceptionResolver : Resolved [org.springframework.web.bind.MethodArgumentNotValidException: Validation failed for argument [0] in public void engine.api.controller.UserController.registerUser(engine.api.entity.User) throws org.springframework.web.server.ResponseStatusException: [Field error in object 'user' on field 'password': rejected value [1234]; codes [Size.user.password,Size.password,Size.java.lang.String,Size]; arguments [org.springframework.context.support.DefaultMessageSourceResolvable: codes [user.password,password]; arguments []; default message [password],2147483647,5]; default message [Password must have at least 5 characters]] ]
?[1;31m
Start test 7?[0m
2021-07-28 10:40:33.182  WARN 14480 --- [nio-8889-exec-7] .w.s.m.s.DefaultHandlerExceptionResolver : Resolved [org.springframework.web.bind.MethodArgumentNotValidException: Validation failed for argument [0] in public void engine.api.controller.UserController.registerUser(engine.api.entity.User) throws org.springframework.web.server.ResponseStatusException: [Field error in object 'user' on field 'password': rejected value [123]; codes [Size.user.password,Size.password,Size.java.lang.String,Size]; arguments [org.springframework.context.support.DefaultMessageSourceResolvable: codes [user.password,password]; arguments []; default message [password],2147483647,5]; default message [Password must have at least 5 characters]] ]
?[1;31m
Start test 8?[0m
2021-07-28 10:40:33.366  INFO 14480 --- [nio-8889-exec-8] engine.security.MyUserDetailsService     : Loading user by email: test@google.com
Hibernate: select user0_.id as id1_4_, user0_.email as email2_4_, user0_.password as password3_4_ from user user0_ where user0_.email=?
Hibernate: select quiz0_.id as id1_1_, quiz0_.text as text2_1_, quiz0_.title as title3_1_, quiz0_.userid as userid4_1_ from quiz quiz0_ limit ?
?[1;31m
Start test 9?[0m
2021-07-28 10:40:33.682  INFO 14480 --- [nio-8889-exec-2] engine.security.MyUserDetailsService     : Loading user by email: user@google.com
Hibernate: select user0_.id as id1_4_, user0_.email as email2_4_, user0_.password as password3_4_ from user user0_ where user0_.email=?
Hibernate: select quiz0_.id as id1_1_, quiz0_.text as text2_1_, quiz0_.title as title3_1_, quiz0_.userid as userid4_1_ from quiz quiz0_ limit ?
?[1;31m
Start test 10?[0m
2021-07-28 10:40:33.833  INFO 14480 --- [nio-8889-exec-3] engine.security.MyUserDetailsService     : Loading user by email: test@google.com
Hibernate: select user0_.id as id1_4_, user0_.email as email2_4_, user0_.password as password3_4_ from user user0_ where user0_.email=?
2021-07-28 10:40:33.966  INFO 14480 --- [nio-8889-exec-3] engine.api.controller.QuizController     : POST /quizzes
Hibernate: select user0_.id as id1_4_, user0_.email as email2_4_, user0_.password as password3_4_ from user user0_ where user0_.email=?
Hibernate: call next value for hibernate_sequence
Hibernate: insert into quiz (text, title, userid, id) values (?, ?, ?, ?)
Hibernate: insert into quiz_answer (quiz_id, answer) values (?, ?)
Hibernate: insert into quiz_options (quiz_id, options) values (?, ?)
Hibernate: insert into quiz_options (quiz_id, options) values (?, ?)
Hibernate: insert into quiz_options (quiz_id, options) values (?, ?)
Hibernate: insert into quiz_options (quiz_id, options) values (?, ?)
?[1;31m
Start test 11?[0m
2021-07-28 10:40:34.018  INFO 14480 --- [nio-8889-exec-4] engine.security.MyUserDetailsService     : Loading user by email: user@google.com
Hibernate: select user0_.id as id1_4_, user0_.email as email2_4_, user0_.password as password3_4_ from user user0_ where user0_.email=?
Hibernate: select quiz0_.id as id1_1_0_, quiz0_.text as text2_1_0_, quiz0_.title as title3_1_0_, quiz0_.userid as userid4_1_0_, user1_.id as id1_4_1_, user1_.email as email2_4_1_, user1_.password as password3_4_1_ from quiz quiz0_ left outer join user user1_ on quiz0_.userid=user1_.id where quiz0_.id=?
Hibernate: select options0_.quiz_id as quiz_id1_3_0_, options0_.options as options2_3_0_ from quiz_options options0_ where options0_.quiz_id=?
?[1;31m
Start test 12?[0m
2021-07-28 10:40:34.164  INFO 14480 --- [nio-8889-exec-5] engine.security.MyUserDetailsService     : Loading user by email: user@google.com
Hibernate: select user0_.id as id1_4_, user0_.email as email2_4_, user0_.password as password3_4_ from user user0_ where user0_.email=?
Hibernate: select quiz0_.id as id1_1_0_, quiz0_.text as text2_1_0_, quiz0_.title as title3_1_0_, quiz0_.userid as userid4_1_0_, user1_.id as id1_4_1_, user1_.email as email2_4_1_, user1_.password as password3_4_1_ from quiz quiz0_ left outer join user user1_ on quiz0_.userid=user1_.id where quiz0_.id=?
?[1;31m
Start test 13?[0m
2021-07-28 10:40:34.276  INFO 14480 --- [nio-8889-exec-7] engine.security.MyUserDetailsService     : Loading user by email: test@google.com
Hibernate: select user0_.id as id1_4_, user0_.email as email2_4_, user0_.password as password3_4_ from user user0_ where user0_.email=?
Hibernate: select quiz0_.id as id1_1_, quiz0_.text as text2_1_, quiz0_.title as title3_1_, quiz0_.userid as userid4_1_ from quiz quiz0_ limit ?
Hibernate: select user0_.id as id1_4_0_, user0_.email as email2_4_0_, user0_.password as password3_4_0_ from user user0_ where user0_.id=?
Hibernate: select options0_.quiz_id as quiz_id1_3_0_, options0_.options as options2_3_0_ from quiz_options options0_ where options0_.quiz_id=?
?[1;31m
Start test 14?[0m
2021-07-28 10:40:34.391  INFO 14480 --- [nio-8889-exec-9] engine.security.MyUserDetailsService     : Loading user by email: user@google.com
Hibernate: select user0_.id as id1_4_, user0_.email as email2_4_, user0_.password as password3_4_ from user user0_ where user0_.email=?
2021-07-28 10:40:34.596  INFO 14480 --- [nio-8889-exec-9] engine.api.controller.QuizController     : POST /quizzes
Hibernate: select user0_.id as id1_4_, user0_.email as email2_4_, user0_.password as password3_4_ from user user0_ where user0_.email=?
Hibernate: call next value for hibernate_sequence
Hibernate: insert into quiz (text, title, userid, id) values (?, ?, ?, ?)
Hibernate: insert into quiz_answer (quiz_id, answer) values (?, ?)
Hibernate: insert into quiz_options (quiz_id, options) values (?, ?)
Hibernate: insert into quiz_options (quiz_id, options) values (?, ?)
Hibernate: insert into quiz_options (quiz_id, options) values (?, ?)
Hibernate: insert into quiz_options (quiz_id, options) values (?, ?)
?[1;31m
Start test 15?[0m
2021-07-28 10:40:34.625  INFO 14480 --- [io-8889-exec-10] engine.security.MyUserDetailsService     : Loading user by email: user@google.com
Hibernate: select user0_.id as id1_4_, user0_.email as email2_4_, user0_.password as password3_4_ from user user0_ where user0_.email=?
Hibernate: select quiz0_.id as id1_1_0_, quiz0_.text as text2_1_0_, quiz0_.title as title3_1_0_, quiz0_.userid as userid4_1_0_, user1_.id as id1_4_1_, user1_.email as email2_4_1_, user1_.password as password3_4_1_ from quiz quiz0_ left outer join user user1_ on quiz0_.userid=user1_.id where quiz0_.id=?
Hibernate: select options0_.quiz_id as quiz_id1_3_0_, options0_.options as options2_3_0_ from quiz_options options0_ where options0_.quiz_id=?
?[1;31m
Start test 16?[0m
2021-07-28 10:40:34.739  INFO 14480 --- [nio-8889-exec-8] engine.security.MyUserDetailsService     : Loading user by email: user@google.com
Hibernate: select user0_.id as id1_4_, user0_.email as email2_4_, user0_.password as password3_4_ from user user0_ where user0_.email=?
Hibernate: select quiz0_.id as id1_1_0_, quiz0_.text as text2_1_0_, quiz0_.title as title3_1_0_, quiz0_.userid as userid4_1_0_, user1_.id as id1_4_1_, user1_.email as email2_4_1_, user1_.password as password3_4_1_ from quiz quiz0_ left outer join user user1_ on quiz0_.userid=user1_.id where quiz0_.id=?
?[1;31m
Start test 17?[0m
2021-07-28 10:40:34.846  INFO 14480 --- [nio-8889-exec-1] engine.security.MyUserDetailsService     : Loading user by email: user@google.com
Hibernate: select user0_.id as id1_4_, user0_.email as email2_4_, user0_.password as password3_4_ from user user0_ where user0_.email=?
Hibernate: select quiz0_.id as id1_1_, quiz0_.text as text2_1_, quiz0_.title as title3_1_, quiz0_.userid as userid4_1_ from quiz quiz0_ limit ?
Hibernate: select user0_.id as id1_4_0_, user0_.email as email2_4_0_, user0_.password as password3_4_0_ from user user0_ where user0_.id=?
Hibernate: select user0_.id as id1_4_0_, user0_.email as email2_4_0_, user0_.password as password3_4_0_ from user user0_ where user0_.id=?
Hibernate: select options0_.quiz_id as quiz_id1_3_0_, options0_.options as options2_3_0_ from quiz_options options0_ where options0_.quiz_id=?
Hibernate: select options0_.quiz_id as quiz_id1_3_0_, options0_.options as options2_3_0_ from quiz_options options0_ where options0_.quiz_id=?
?[1;31m
Start test 18?[0m
?[1;31m
Start test 19?[0m
?[1;31m
Start test 20?[0m
?[1;31m
Start test 21?[0m
?[1;31m
Start test 22?[0m
?[1;31m
Start test 23?[0m
?[1;31m
Start test 24?[0m
?[1;31m
Start test 25?[0m
?[1;31m
Start test 26?[0m
2021-07-28 10:40:35.071  INFO 14480 --- [nio-8889-exec-9] engine.security.MyUserDetailsService     : Loading user by email: qwerty@google.com
Hibernate: select user0_.id as id1_4_, user0_.email as email2_4_, user0_.password as password3_4_ from user user0_ where user0_.email=?
2021-07-28 10:40:35.074  INFO 14480 --- [nio-8889-exec-9] engine.security.MyUserDetailsService     : User not found
?[1;31m
Start test 27?[0m
2021-07-28 10:40:35.183  INFO 14480 --- [io-8889-exec-10] engine.security.MyUserDetailsService     : Loading user by email: qwerty@google.com
Hibernate: select user0_.id as id1_4_, user0_.email as email2_4_, user0_.password as password3_4_ from user user0_ where user0_.email=?
2021-07-28 10:40:35.186  INFO 14480 --- [io-8889-exec-10] engine.security.MyUserDetailsService     : User not found
?[1;31m
Start test 28?[0m
2021-07-28 10:40:35.289  INFO 14480 --- [nio-8889-exec-8] engine.security.MyUserDetailsService     : Loading user by email: qwerty@google.com
Hibernate: select user0_.id as id1_4_, user0_.email as email2_4_, user0_.password as password3_4_ from user user0_ where user0_.email=?
2021-07-28 10:40:35.291  INFO 14480 --- [nio-8889-exec-8] engine.security.MyUserDetailsService     : User not found
?[1;31m
Start test 29?[0m
2021-07-28 10:40:35.384  INFO 14480 --- [nio-8889-exec-1] engine.security.MyUserDetailsService     : Loading user by email: qwerty@google.com
Hibernate: select user0_.id as id1_4_, user0_.email as email2_4_, user0_.password as password3_4_ from user user0_ where user0_.email=?
2021-07-28 10:40:35.387  INFO 14480 --- [nio-8889-exec-1] engine.security.MyUserDetailsService     : User not found
?[1;31m
Start test 30?[0m
2021-07-28 10:40:35.489  INFO 14480 --- [nio-8889-exec-2] engine.security.MyUserDetailsService     : Loading user by email: qwerty@google.com
Hibernate: select user0_.id as id1_4_, user0_.email as email2_4_, user0_.password as password3_4_ from user user0_ where user0_.email=?
2021-07-28 10:40:35.492  INFO 14480 --- [nio-8889-exec-2] engine.security.MyUserDetailsService     : User not found
?[1;31m
Start test 31?[0m
2021-07-28 10:40:35.598  INFO 14480 --- [nio-8889-exec-3] engine.security.MyUserDetailsService     : Loading user by email: qwerty@google.com
Hibernate: select user0_.id as id1_4_, user0_.email as email2_4_, user0_.password as password3_4_ from user user0_ where user0_.email=?
2021-07-28 10:40:35.602  INFO 14480 --- [nio-8889-exec-3] engine.security.MyUserDetailsService     : User not found
?[1;31m
Start test 32?[0m
2021-07-28 10:40:35.698  INFO 14480 --- [nio-8889-exec-4] engine.security.MyUserDetailsService     : Loading user by email: qwerty@google.com
Hibernate: select user0_.id as id1_4_, user0_.email as email2_4_, user0_.password as password3_4_ from user user0_ where user0_.email=?
2021-07-28 10:40:35.700  INFO 14480 --- [nio-8889-exec-4] engine.security.MyUserDetailsService     : User not found
?[1;31m
Start test 33?[0m
2021-07-28 10:40:35.792  INFO 14480 --- [nio-8889-exec-5] engine.security.MyUserDetailsService     : Loading user by email: qwerty@google.com
Hibernate: select user0_.id as id1_4_, user0_.email as email2_4_, user0_.password as password3_4_ from user user0_ where user0_.email=?
2021-07-28 10:40:35.795  INFO 14480 --- [nio-8889-exec-5] engine.security.MyUserDetailsService     : User not found
?[1;31m
Start test 34?[0m
2021-07-28 10:40:35.905  INFO 14480 --- [nio-8889-exec-6] engine.security.MyUserDetailsService     : Loading user by email: test@google.com
Hibernate: select user0_.id as id1_4_, user0_.email as email2_4_, user0_.password as password3_4_ from user user0_ where user0_.email=?
Hibernate: select quiz0_.id as id1_1_0_, quiz0_.text as text2_1_0_, quiz0_.title as title3_1_0_, quiz0_.userid as userid4_1_0_, user1_.id as id1_4_1_, user1_.email as email2_4_1_, user1_.password as password3_4_1_ from quiz quiz0_ left outer join user user1_ on quiz0_.userid=user1_.id where quiz0_.id=?
Hibernate: select answer0_.quiz_id as quiz_id1_2_0_, answer0_.answer as answer2_2_0_ from quiz_answer answer0_ where answer0_.quiz_id=?
?[1;31m
Start test 35?[0m
2021-07-28 10:40:36.030  INFO 14480 --- [nio-8889-exec-7] engine.security.MyUserDetailsService     : Loading user by email: user@google.com
Hibernate: select user0_.id as id1_4_, user0_.email as email2_4_, user0_.password as password3_4_ from user user0_ where user0_.email=?
Hibernate: select quiz0_.id as id1_1_0_, quiz0_.text as text2_1_0_, quiz0_.title as title3_1_0_, quiz0_.userid as userid4_1_0_, user1_.id as id1_4_1_, user1_.email as email2_4_1_, user1_.password as password3_4_1_ from quiz quiz0_ left outer join user user1_ on quiz0_.userid=user1_.id where quiz0_.id=?
Hibernate: select answer0_.quiz_id as quiz_id1_2_0_, answer0_.answer as answer2_2_0_ from quiz_answer answer0_ where answer0_.quiz_id=?
?[1;31m
Start test 36?[0m
2021-07-28 10:40:36.149  INFO 14480 --- [nio-8889-exec-9] engine.security.MyUserDetailsService     : Loading user by email: test@google.com
Hibernate: select user0_.id as id1_4_, user0_.email as email2_4_, user0_.password as password3_4_ from user user0_ where user0_.email=?
Hibernate: select quiz0_.id as id1_1_0_, quiz0_.text as text2_1_0_, quiz0_.title as title3_1_0_, quiz0_.userid as userid4_1_0_, user1_.id as id1_4_1_, user1_.email as email2_4_1_, user1_.password as password3_4_1_ from quiz quiz0_ left outer join user user1_ on quiz0_.userid=user1_.id where quiz0_.id=?
Hibernate: select answer0_.quiz_id as quiz_id1_2_0_, answer0_.answer as answer2_2_0_ from quiz_answer answer0_ where answer0_.quiz_id=?
Hibernate: select completedq0_.completed_at as complete1_0_0_, completedq0_.email as email2_0_0_, completedq0_.id as id3_0_0_ from completed_quiz completedq0_ where completedq0_.completed_at=? and completedq0_.email=? and completedq0_.id=?
Hibernate: insert into completed_quiz (completed_at, email, id) values (?, ?, ?)
?[1;31m
Start test 37?[0m
2021-07-28 10:40:36.273  INFO 14480 --- [io-8889-exec-10] engine.security.MyUserDetailsService     : Loading user by email: user@google.com
Hibernate: select user0_.id as id1_4_, user0_.email as email2_4_, user0_.password as password3_4_ from user user0_ where user0_.email=?
Hibernate: select quiz0_.id as id1_1_0_, quiz0_.text as text2_1_0_, quiz0_.title as title3_1_0_, quiz0_.userid as userid4_1_0_, user1_.id as id1_4_1_, user1_.email as email2_4_1_, user1_.password as password3_4_1_ from quiz quiz0_ left outer join user user1_ on quiz0_.userid=user1_.id where quiz0_.id=?
Hibernate: select answer0_.quiz_id as quiz_id1_2_0_, answer0_.answer as answer2_2_0_ from quiz_answer answer0_ where answer0_.quiz_id=?
?[1;31m
Start test 38?[0m
2021-07-28 10:40:36.373  INFO 14480 --- [nio-8889-exec-8] engine.security.MyUserDetailsService     : Loading user by email: test@google.com
Hibernate: select user0_.id as id1_4_, user0_.email as email2_4_, user0_.password as password3_4_ from user user0_ where user0_.email=?
Hibernate: select quiz0_.id as id1_1_0_, quiz0_.text as text2_1_0_, quiz0_.title as title3_1_0_, quiz0_.userid as userid4_1_0_, user1_.id as id1_4_1_, user1_.email as email2_4_1_, user1_.password as password3_4_1_ from quiz quiz0_ left outer join user user1_ on quiz0_.userid=user1_.id where quiz0_.id=?
Hibernate: select answer0_.quiz_id as quiz_id1_2_0_, answer0_.answer as answer2_2_0_ from quiz_answer answer0_ where answer0_.quiz_id=?
?[1;31m
Start test 39?[0m
2021-07-28 10:40:36.488  INFO 14480 --- [nio-8889-exec-1] engine.security.MyUserDetailsService     : Loading user by email: user@google.com
Hibernate: select user0_.id as id1_4_, user0_.email as email2_4_, user0_.password as password3_4_ from user user0_ where user0_.email=?
Hibernate: select quiz0_.id as id1_1_0_, quiz0_.text as text2_1_0_, quiz0_.title as title3_1_0_, quiz0_.userid as userid4_1_0_, user1_.id as id1_4_1_, user1_.email as email2_4_1_, user1_.password as password3_4_1_ from quiz quiz0_ left outer join user user1_ on quiz0_.userid=user1_.id where quiz0_.id=?
Hibernate: select answer0_.quiz_id as quiz_id1_2_0_, answer0_.answer as answer2_2_0_ from quiz_answer answer0_ where answer0_.quiz_id=?
Hibernate: select completedq0_.completed_at as complete1_0_0_, completedq0_.email as email2_0_0_, completedq0_.id as id3_0_0_ from completed_quiz completedq0_ where completedq0_.completed_at=? and completedq0_.email=? and completedq0_.id=?
Hibernate: insert into completed_quiz (completed_at, email, id) values (?, ?, ?)
?[1;31m
Start test 40?[0m
2021-07-28 10:40:36.595  INFO 14480 --- [nio-8889-exec-2] engine.security.MyUserDetailsService     : Loading user by email: test@google.com
Hibernate: select user0_.id as id1_4_, user0_.email as email2_4_, user0_.password as password3_4_ from user user0_ where user0_.email=?
Hibernate: select quiz0_.id as id1_1_0_, quiz0_.text as text2_1_0_, quiz0_.title as title3_1_0_, quiz0_.userid as userid4_1_0_, user1_.id as id1_4_1_, user1_.email as email2_4_1_, user1_.password as password3_4_1_ from quiz quiz0_ left outer join user user1_ on quiz0_.userid=user1_.id where quiz0_.id=?
Hibernate: select answer0_.quiz_id as quiz_id1_2_0_, answer0_.answer as answer2_2_0_ from quiz_answer answer0_ where answer0_.quiz_id=?
?[1;31m
Start test 41?[0m
2021-07-28 10:40:36.699  INFO 14480 --- [nio-8889-exec-3] engine.security.MyUserDetailsService     : Loading user by email: user@google.com
Hibernate: select user0_.id as id1_4_, user0_.email as email2_4_, user0_.password as password3_4_ from user user0_ where user0_.email=?
Hibernate: select quiz0_.id as id1_1_0_, quiz0_.text as text2_1_0_, quiz0_.title as title3_1_0_, quiz0_.userid as userid4_1_0_, user1_.id as id1_4_1_, user1_.email as email2_4_1_, user1_.password as password3_4_1_ from quiz quiz0_ left outer join user user1_ on quiz0_.userid=user1_.id where quiz0_.id=?
Hibernate: select answer0_.quiz_id as quiz_id1_2_0_, answer0_.answer as answer2_2_0_ from quiz_answer answer0_ where answer0_.quiz_id=?
?[1;31m
Start test 42?[0m
2021-07-28 10:40:36.798  INFO 14480 --- [nio-8889-exec-4] engine.security.MyUserDetailsService     : Loading user by email: test@google.com
Hibernate: select user0_.id as id1_4_, user0_.email as email2_4_, user0_.password as password3_4_ from user user0_ where user0_.email=?
Hibernate: select completedq0_.completed_at as complete1_0_, completedq0_.email as email2_0_, completedq0_.id as id3_0_ from completed_quiz completedq0_ where completedq0_.email=? order by completedq0_.completed_at desc limit ?
?[1;31m
Start test 43?[0m
2021-07-28 10:40:36.916  INFO 14480 --- [nio-8889-exec-5] engine.security.MyUserDetailsService     : Loading user by email: user@google.com
Hibernate: select user0_.id as id1_4_, user0_.email as email2_4_, user0_.password as password3_4_ from user user0_ where user0_.email=?
Hibernate: select completedq0_.completed_at as complete1_0_, completedq0_.email as email2_0_, completedq0_.id as id3_0_ from completed_quiz completedq0_ where completedq0_.email=? order by completedq0_.completed_at desc limit ?
?[1;31m
Start test 44?[0m
2021-07-28 10:40:37.032  INFO 14480 --- [nio-8889-exec-6] engine.security.MyUserDetailsService     : Loading user by email: test@google.com
Hibernate: select user0_.id as id1_4_, user0_.email as email2_4_, user0_.password as password3_4_ from user user0_ where user0_.email=?
Hibernate: select quiz0_.id as id1_1_, quiz0_.text as text2_1_, quiz0_.title as title3_1_, quiz0_.userid as userid4_1_ from quiz quiz0_ limit ?
Hibernate: select user0_.id as id1_4_0_, user0_.email as email2_4_0_, user0_.password as password3_4_0_ from user user0_ where user0_.id=?
Hibernate: select user0_.id as id1_4_0_, user0_.email as email2_4_0_, user0_.password as password3_4_0_ from user user0_ where user0_.id=?
Hibernate: select options0_.quiz_id as quiz_id1_3_0_, options0_.options as options2_3_0_ from quiz_options options0_ where options0_.quiz_id=?
Hibernate: select options0_.quiz_id as quiz_id1_3_0_, options0_.options as options2_3_0_ from quiz_options options0_ where options0_.quiz_id=?
?[1;31m
Start test 45?[0m
2021-07-28 10:40:37.139  INFO 14480 --- [nio-8889-exec-7] engine.security.MyUserDetailsService     : Loading user by email: user@google.com
Hibernate: select user0_.id as id1_4_, user0_.email as email2_4_, user0_.password as password3_4_ from user user0_ where user0_.email=?
Hibernate: select quiz0_.id as id1_1_, quiz0_.text as text2_1_, quiz0_.title as title3_1_, quiz0_.userid as userid4_1_ from quiz quiz0_ limit ?
Hibernate: select user0_.id as id1_4_0_, user0_.email as email2_4_0_, user0_.password as password3_4_0_ from user user0_ where user0_.id=?
Hibernate: select user0_.id as id1_4_0_, user0_.email as email2_4_0_, user0_.password as password3_4_0_ from user user0_ where user0_.id=?
Hibernate: select options0_.quiz_id as quiz_id1_3_0_, options0_.options as options2_3_0_ from quiz_options options0_ where options0_.quiz_id=?
Hibernate: select options0_.quiz_id as quiz_id1_3_0_, options0_.options as options2_3_0_ from quiz_options options0_ where options0_.quiz_id=?
?[1;31m
Start test 46?[0m
2021-07-28 10:40:37.761  INFO 14480 --- [       Thread-6] o.s.s.concurrent.ThreadPoolTaskExecutor  : Shutting down ExecutorService 'applicationTaskExecutor'
2021-07-28 10:40:37.768  INFO 14480 --- [       Thread-6] j.LocalContainerEntityManagerFactoryBean : Closing JPA EntityManagerFactory for persistence unit 'default'
2021-07-28 10:40:37.772  INFO 14480 --- [       Thread-6] com.zaxxer.hikari.HikariDataSource       : HikariPool-1 - Shutdown initiated...
2021-07-28 10:40:38.025  INFO 14480 --- [       Thread-6] com.zaxxer.hikari.HikariDataSource       : HikariPool-1 - Shutdown completed.

  .   ____          _            __ _ _
 /\\ / ___'_ __ _ _(_)_ __  __ _ \ \ \ \
( ( )\___ | '_ | '_| | '_ \/ _` | \ \ \ \
 \\/  ___)| |_)| | | | | || (_| |  ) ) ) )
  '  |____| .__|_| |_|_| |_\__, | / / / /
 =========|_|==============|___/=/_/_/_/
 :: Spring Boot ::        (v2.2.2.RELEASE)

2021-07-28 10:40:38.136  INFO 14480 --- [    Test worker] engine.WebQuizEngine                     : Starting WebQuizEngine on Williams-MacBook-Pro-184.local with PID 14480 (started by Polvyer in /Users/Polvyer/IdeaProjects/Web Quiz Engine/Web Quiz Engine/task)
2021-07-28 10:40:38.137  INFO 14480 --- [    Test worker] engine.WebQuizEngine                     : No active profile set, falling back to default profiles: default
2021-07-28 10:40:38.690  INFO 14480 --- [    Test worker] .s.d.r.c.RepositoryConfigurationDelegate : Bootstrapping Spring Data JPA repositories in DEFAULT mode.
2021-07-28 10:40:38.706  INFO 14480 --- [    Test worker] .s.d.r.c.RepositoryConfigurationDelegate : Finished Spring Data repository scanning in 15ms. Found 3 JPA repository interfaces.
2021-07-28 10:40:39.189  INFO 14480 --- [    Test worker] trationDelegate$BeanPostProcessorChecker : Bean 'org.springframework.transaction.annotation.ProxyTransactionManagementConfiguration' of type [org.springframework.transaction.annotation.ProxyTransactionManagementConfiguration] is not eligible for getting processed by all BeanPostProcessors (for example: not eligible for auto-proxying)
2021-07-28 10:40:39.433  WARN 14480 --- [    Test worker] org.apache.tomcat.util.modeler.Registry  : The MBean registry cannot be disabled because it has already been initialised
2021-07-28 10:40:39.442  INFO 14480 --- [    Test worker] o.s.b.w.embedded.tomcat.TomcatWebServer  : Tomcat initialized with port(s): 8889 (http)
2021-07-28 10:40:39.446  INFO 14480 --- [    Test worker] o.apache.catalina.core.StandardService   : Starting service [Tomcat]
2021-07-28 10:40:39.447  INFO 14480 --- [    Test worker] org.apache.catalina.core.StandardEngine  : Starting Servlet engine: [Apache Tomcat/9.0.29]
2021-07-28 10:40:39.527  INFO 14480 --- [    Test worker] o.a.c.c.C.[Tomcat].[localhost].[/]       : Initializing Spring embedded WebApplicationContext
2021-07-28 10:40:39.532  INFO 14480 --- [    Test worker] o.s.web.context.ContextLoader            : Root WebApplicationContext: initialization completed in 1387 ms
2021-07-28 10:40:39.643  INFO 14480 --- [    Test worker] com.zaxxer.hikari.HikariDataSource       : HikariPool-2 - Starting...
2021-07-28 10:40:39.666  INFO 14480 --- [    Test worker] com.zaxxer.hikari.HikariDataSource       : HikariPool-2 - Start completed.
2021-07-28 10:40:39.668  INFO 14480 --- [    Test worker] o.s.b.a.h2.H2ConsoleAutoConfiguration    : H2 console available at '/h2-console'. Database available at 'jdbc:h2:file:../quizdb'
2021-07-28 10:40:39.898  INFO 14480 --- [    Test worker] o.hibernate.jpa.internal.util.LogHelper  : HHH000204: Processing PersistenceUnitInfo [name: default]
2021-07-28 10:40:39.906  INFO 14480 --- [    Test worker] org.hibernate.dialect.Dialect            : HHH000400: Using dialect: org.hibernate.dialect.H2Dialect
2021-07-28 10:40:40.123  INFO 14480 --- [    Test worker] o.h.e.t.j.p.i.JtaPlatformInitiator       : HHH000490: Using JtaPlatform implementation: [org.hibernate.engine.transaction.jta.platform.internal.NoJtaPlatform]
2021-07-28 10:40:40.124  INFO 14480 --- [    Test worker] j.LocalContainerEntityManagerFactoryBean : Initialized JPA EntityManagerFactory for persistence unit 'default'
2021-07-28 10:40:40.393  WARN 14480 --- [    Test worker] JpaBaseConfiguration$JpaWebConfiguration : spring.jpa.open-in-view is enabled by default. Therefore, database queries may be performed during view rendering. Explicitly configure spring.jpa.open-in-view to disable this warning
2021-07-28 10:40:40.749  INFO 14480 --- [    Test worker] o.s.b.a.e.web.EndpointLinksResolver      : Exposing 14 endpoint(s) beneath base path '/actuator'
2021-07-28 10:40:40.869  INFO 14480 --- [    Test worker] pertySourcedRequestMappingHandlerMapping : Mapped URL path [/v2/api-docs] onto method [springfox.documentation.swagger2.web.Swagger2Controller#getDocumentation(String, HttpServletRequest)]
2021-07-28 10:40:40.938  INFO 14480 --- [    Test worker] o.s.s.web.DefaultSecurityFilterChain     : Creating filter chain: any request, [org.springframework.security.web.context.request.async.WebAsyncManagerIntegrationFilter@4d3d9d8e, org.springframework.security.web.context.SecurityContextPersistenceFilter@7b2819, org.springframework.security.web.header.HeaderWriterFilter@45640b1b, org.springframework.security.web.authentication.logout.LogoutFilter@a63070b, org.springframework.security.web.authentication.www.BasicAuthenticationFilter@60200bac, org.springframework.security.web.savedrequest.RequestCacheAwareFilter@187162e2, org.springframework.security.web.servletapi.SecurityContextHolderAwareRequestFilter@7da88e24, org.springframework.security.web.authentication.AnonymousAuthenticationFilter@6f09c8c3, org.springframework.security.web.session.SessionManagementFilter@4454843, org.springframework.security.web.access.ExceptionTranslationFilter@21d738ac, org.springframework.security.web.access.intercept.FilterSecurityInterceptor@2e8eb4e5]
2021-07-28 10:40:41.037  INFO 14480 --- [    Test worker] o.s.s.concurrent.ThreadPoolTaskExecutor  : Initializing ExecutorService 'applicationTaskExecutor'
2021-07-28 10:40:41.165  INFO 14480 --- [    Test worker] d.s.w.p.DocumentationPluginsBootstrapper : Context refreshed
2021-07-28 10:40:41.167  INFO 14480 --- [    Test worker] d.s.w.p.DocumentationPluginsBootstrapper : Found 1 custom documentation plugin(s)
2021-07-28 10:40:41.184  INFO 14480 --- [    Test worker] s.d.s.w.s.ApiListingReferenceScanner     : Scanning for api listing references
2021-07-28 10:40:41.273  INFO 14480 --- [    Test worker] o.s.b.w.embedded.tomcat.TomcatWebServer  : Tomcat started on port(s): 8889 (http) with context path ''
2021-07-28 10:40:41.274  INFO 14480 --- [    Test worker] engine.WebQuizEngine                     : Started WebQuizEngine in 3.181 seconds (JVM running for 22.387)
?[1;31m
Start test 47?[0m
2021-07-28 10:40:41.281  INFO 14480 --- [nio-8889-exec-1] o.a.c.c.C.[Tomcat].[localhost].[/]       : Initializing Spring DispatcherServlet 'dispatcherServlet'
2021-07-28 10:40:41.282  INFO 14480 --- [nio-8889-exec-1] o.s.web.servlet.DispatcherServlet        : Initializing Servlet 'dispatcherServlet'
2021-07-28 10:40:41.288  INFO 14480 --- [nio-8889-exec-1] o.s.web.servlet.DispatcherServlet        : Completed initialization in 6 ms
2021-07-28 10:40:41.388  INFO 14480 --- [nio-8889-exec-1] engine.security.MyUserDetailsService     : Loading user by email: test@google.com
Hibernate: select user0_.id as id1_4_, user0_.email as email2_4_, user0_.password as password3_4_ from user user0_ where user0_.email=?
Hibernate: select quiz0_.id as id1_1_, quiz0_.text as text2_1_, quiz0_.title as title3_1_, quiz0_.userid as userid4_1_ from quiz quiz0_ limit ?
Hibernate: select user0_.id as id1_4_0_, user0_.email as email2_4_0_, user0_.password as password3_4_0_ from user user0_ where user0_.id=?
Hibernate: select user0_.id as id1_4_0_, user0_.email as email2_4_0_, user0_.password as password3_4_0_ from user user0_ where user0_.id=?
Hibernate: select options0_.quiz_id as quiz_id1_3_0_, options0_.options as options2_3_0_ from quiz_options options0_ where options0_.quiz_id=?
Hibernate: select options0_.quiz_id as quiz_id1_3_0_, options0_.options as options2_3_0_ from quiz_options options0_ where options0_.quiz_id=?
?[1;31m
Start test 48?[0m
2021-07-28 10:40:41.533  INFO 14480 --- [nio-8889-exec-2] engine.security.MyUserDetailsService     : Loading user by email: user@google.com
Hibernate: select user0_.id as id1_4_, user0_.email as email2_4_, user0_.password as password3_4_ from user user0_ where user0_.email=?
Hibernate: select quiz0_.id as id1_1_, quiz0_.text as text2_1_, quiz0_.title as title3_1_, quiz0_.userid as userid4_1_ from quiz quiz0_ limit ?
Hibernate: select user0_.id as id1_4_0_, user0_.email as email2_4_0_, user0_.password as password3_4_0_ from user user0_ where user0_.id=?
Hibernate: select user0_.id as id1_4_0_, user0_.email as email2_4_0_, user0_.password as password3_4_0_ from user user0_ where user0_.id=?
Hibernate: select options0_.quiz_id as quiz_id1_3_0_, options0_.options as options2_3_0_ from quiz_options options0_ where options0_.quiz_id=?
Hibernate: select options0_.quiz_id as quiz_id1_3_0_, options0_.options as options2_3_0_ from quiz_options options0_ where options0_.quiz_id=?
?[1;31m
Start test 49?[0m
2021-07-28 10:40:41.665  INFO 14480 --- [nio-8889-exec-4] engine.security.MyUserDetailsService     : Loading user by email: user@google.com
Hibernate: select user0_.id as id1_4_, user0_.email as email2_4_, user0_.password as password3_4_ from user user0_ where user0_.email=?
Hibernate: select quiz0_.id as id1_1_0_, quiz0_.text as text2_1_0_, quiz0_.title as title3_1_0_, quiz0_.userid as userid4_1_0_, user1_.id as id1_4_1_, user1_.email as email2_4_1_, user1_.password as password3_4_1_ from quiz quiz0_ left outer join user user1_ on quiz0_.userid=user1_.id where quiz0_.id=?
Hibernate: select answer0_.quiz_id as quiz_id1_2_0_, answer0_.answer as answer2_2_0_ from quiz_answer answer0_ where answer0_.quiz_id=?
Hibernate: select completedq0_.completed_at as complete1_0_0_, completedq0_.email as email2_0_0_, completedq0_.id as id3_0_0_ from completed_quiz completedq0_ where completedq0_.completed_at=? and completedq0_.email=? and completedq0_.id=?
Hibernate: insert into completed_quiz (completed_at, email, id) values (?, ?, ?)
?[1;31m
Start test 50?[0m
2021-07-28 10:40:41.877  INFO 14480 --- [nio-8889-exec-5] engine.security.MyUserDetailsService     : Loading user by email: test@google.com
Hibernate: select user0_.id as id1_4_, user0_.email as email2_4_, user0_.password as password3_4_ from user user0_ where user0_.email=?
Hibernate: select quiz0_.id as id1_1_0_, quiz0_.text as text2_1_0_, quiz0_.title as title3_1_0_, quiz0_.userid as userid4_1_0_, user1_.id as id1_4_1_, user1_.email as email2_4_1_, user1_.password as password3_4_1_ from quiz quiz0_ left outer join user user1_ on quiz0_.userid=user1_.id where quiz0_.id=?
Hibernate: select answer0_.quiz_id as quiz_id1_2_0_, answer0_.answer as answer2_2_0_ from quiz_answer answer0_ where answer0_.quiz_id=?
?[1;31m
Start test 51?[0m
2021-07-28 10:40:42.022  INFO 14480 --- [nio-8889-exec-6] engine.security.MyUserDetailsService     : Loading user by email: user@google.com
Hibernate: select user0_.id as id1_4_, user0_.email as email2_4_, user0_.password as password3_4_ from user user0_ where user0_.email=?
Hibernate: select quiz0_.id as id1_1_0_, quiz0_.text as text2_1_0_, quiz0_.title as title3_1_0_, quiz0_.userid as userid4_1_0_, user1_.id as id1_4_1_, user1_.email as email2_4_1_, user1_.password as password3_4_1_ from quiz quiz0_ left outer join user user1_ on quiz0_.userid=user1_.id where quiz0_.id=?
Hibernate: select answer0_.quiz_id as quiz_id1_2_0_, answer0_.answer as answer2_2_0_ from quiz_answer answer0_ where answer0_.quiz_id=?
?[1;31m
Start test 52?[0m
2021-07-28 10:40:42.138  INFO 14480 --- [nio-8889-exec-7] engine.security.MyUserDetailsService     : Loading user by email: test@google.com
Hibernate: select user0_.id as id1_4_, user0_.email as email2_4_, user0_.password as password3_4_ from user user0_ where user0_.email=?
Hibernate: select quiz0_.id as id1_1_0_, quiz0_.text as text2_1_0_, quiz0_.title as title3_1_0_, quiz0_.userid as userid4_1_0_, user1_.id as id1_4_1_, user1_.email as email2_4_1_, user1_.password as password3_4_1_ from quiz quiz0_ left outer join user user1_ on quiz0_.userid=user1_.id where quiz0_.id=?
Hibernate: select answer0_.quiz_id as quiz_id1_2_0_, answer0_.answer as answer2_2_0_ from quiz_answer answer0_ where answer0_.quiz_id=?
Hibernate: select completedq0_.completed_at as complete1_0_0_, completedq0_.email as email2_0_0_, completedq0_.id as id3_0_0_ from completed_quiz completedq0_ where completedq0_.completed_at=? and completedq0_.email=? and completedq0_.id=?
Hibernate: insert into completed_quiz (completed_at, email, id) values (?, ?, ?)
?[1;31m
Start test 53?[0m
2021-07-28 10:40:42.258  INFO 14480 --- [nio-8889-exec-8] engine.security.MyUserDetailsService     : Loading user by email: test@google.com
Hibernate: select user0_.id as id1_4_, user0_.email as email2_4_, user0_.password as password3_4_ from user user0_ where user0_.email=?
Hibernate: select completedq0_.completed_at as complete1_0_, completedq0_.email as email2_0_, completedq0_.id as id3_0_ from completed_quiz completedq0_ where completedq0_.email=? order by completedq0_.completed_at desc limit ?
?[1;31m
Start test 54?[0m
2021-07-28 10:40:42.372  INFO 14480 --- [nio-8889-exec-9] engine.security.MyUserDetailsService     : Loading user by email: test@google.com
Hibernate: select user0_.id as id1_4_, user0_.email as email2_4_, user0_.password as password3_4_ from user user0_ where user0_.email=?
Hibernate: select completedq0_.completed_at as complete1_0_, completedq0_.email as email2_0_, completedq0_.id as id3_0_ from completed_quiz completedq0_ where completedq0_.email=? order by completedq0_.completed_at desc limit ?
?[1;31m
Start test 55?[0m
2021-07-28 10:40:42.484  INFO 14480 --- [io-8889-exec-10] engine.security.MyUserDetailsService     : Loading user by email: user@google.com
Hibernate: select user0_.id as id1_4_, user0_.email as email2_4_, user0_.password as password3_4_ from user user0_ where user0_.email=?
Hibernate: select completedq0_.completed_at as complete1_0_, completedq0_.email as email2_0_, completedq0_.id as id3_0_ from completed_quiz completedq0_ where completedq0_.email=? order by completedq0_.completed_at desc limit ?
?[1;31m
Start test 56?[0m
2021-07-28 10:40:42.643  INFO 14480 --- [nio-8889-exec-1] engine.security.MyUserDetailsService     : Loading user by email: user@google.com
Hibernate: select user0_.id as id1_4_, user0_.email as email2_4_, user0_.password as password3_4_ from user user0_ where user0_.email=?
Hibernate: select completedq0_.completed_at as complete1_0_, completedq0_.email as email2_0_, completedq0_.id as id3_0_ from completed_quiz completedq0_ where completedq0_.email=? order by completedq0_.completed_at desc limit ?
?[1;31m
Start test 57?[0m
2021-07-28 10:40:43.015  INFO 14480 --- [nio-8889-exec-2] engine.security.MyUserDetailsService     : Loading user by email: test@google.com
Hibernate: select user0_.id as id1_4_, user0_.email as email2_4_, user0_.password as password3_4_ from user user0_ where user0_.email=?
2021-07-28 10:40:43.324  WARN 14480 --- [nio-8889-exec-2] .w.s.m.s.DefaultHandlerExceptionResolver : Resolved [org.springframework.http.converter.HttpMessageNotReadableException: JSON parse error: Unexpected character ('"' (code 34)): was expecting comma to separate Object entries; nested exception is com.fasterxml.jackson.core.JsonParseException: Unexpected character ('"' (code 34)): was expecting comma to separate Object entries
 at [Source: (PushbackInputStream); line: 4, column: 4]]
?[1;31m
Start test 58?[0m
2021-07-28 10:40:43.364  INFO 14480 --- [nio-8889-exec-3] engine.security.MyUserDetailsService     : Loading user by email: user@google.com
Hibernate: select user0_.id as id1_4_, user0_.email as email2_4_, user0_.password as password3_4_ from user user0_ where user0_.email=?
2021-07-28 10:40:43.636  WARN 14480 --- [nio-8889-exec-3] .w.s.m.s.DefaultHandlerExceptionResolver : Resolved [org.springframework.http.converter.HttpMessageNotReadableException: JSON parse error: Unexpected character ('"' (code 34)): was expecting comma to separate Object entries; nested exception is com.fasterxml.jackson.core.JsonParseException: Unexpected character ('"' (code 34)): was expecting comma to separate Object entries
 at [Source: (PushbackInputStream); line: 5, column: 4]]
?[1;31m
Start test 59?[0m
2021-07-28 10:40:43.650  INFO 14480 --- [nio-8889-exec-4] engine.security.MyUserDetailsService     : Loading user by email: test@google.com
Hibernate: select user0_.id as id1_4_, user0_.email as email2_4_, user0_.password as password3_4_ from user user0_ where user0_.email=?
2021-07-28 10:40:43.984  WARN 14480 --- [nio-8889-exec-4] .w.s.m.s.DefaultHandlerExceptionResolver : Resolved [org.springframework.http.converter.HttpMessageNotReadableException: JSON parse error: Unexpected character ('"' (code 34)): was expecting comma to separate Object entries; nested exception is com.fasterxml.jackson.core.JsonParseException: Unexpected character ('"' (code 34)): was expecting comma to separate Object entries
 at [Source: (PushbackInputStream); line: 4, column: 4]]
?[1;31m
Start test 60?[0m
2021-07-28 10:40:44.036  INFO 14480 --- [nio-8889-exec-5] engine.security.MyUserDetailsService     : Loading user by email: user@google.com
Hibernate: select user0_.id as id1_4_, user0_.email as email2_4_, user0_.password as password3_4_ from user user0_ where user0_.email=?
2021-07-28 10:40:44.559  WARN 14480 --- [nio-8889-exec-5] .w.s.m.s.DefaultHandlerExceptionResolver : Resolved [org.springframework.http.converter.HttpMessageNotReadableException: JSON parse error: Unexpected character ('"' (code 34)): was expecting comma to separate Object entries; nested exception is com.fasterxml.jackson.core.JsonParseException: Unexpected character ('"' (code 34)): was expecting comma to separate Object entries
 at [Source: (PushbackInputStream); line: 5, column: 4]]
?[1;31m
Start test 61?[0m
2021-07-28 10:40:44.596  INFO 14480 --- [nio-8889-exec-6] engine.security.MyUserDetailsService     : Loading user by email: test@google.com
Hibernate: select user0_.id as id1_4_, user0_.email as email2_4_, user0_.password as password3_4_ from user user0_ where user0_.email=?
2021-07-28 10:40:44.877  WARN 14480 --- [nio-8889-exec-6] .w.s.m.s.DefaultHandlerExceptionResolver : Resolved [org.springframework.web.bind.MethodArgumentNotValidException: Validation failed for argument [0] in public engine.api.entity.Quiz engine.api.controller.QuizController.createQuiz(engine.api.entity.Quiz): [Field error in object 'quiz' on field 'options': rejected value [null]; codes [NotNull.quiz.options,NotNull.options,NotNull.java.util.List,NotNull]; arguments [org.springframework.context.support.DefaultMessageSourceResolvable: codes [quiz.options,options]; arguments []; default message [options]]; default message [Options are required]] ]
?[1;31m
Start test 62?[0m
2021-07-28 10:40:44.900  INFO 14480 --- [nio-8889-exec-7] engine.security.MyUserDetailsService     : Loading user by email: user@google.com
Hibernate: select user0_.id as id1_4_, user0_.email as email2_4_, user0_.password as password3_4_ from user user0_ where user0_.email=?
2021-07-28 10:40:45.215  WARN 14480 --- [nio-8889-exec-7] .w.s.m.s.DefaultHandlerExceptionResolver : Resolved [org.springframework.http.converter.HttpMessageNotReadableException: JSON parse error: Unexpected character ('"' (code 34)): was expecting comma to separate Object entries; nested exception is com.fasterxml.jackson.core.JsonParseException: Unexpected character ('"' (code 34)): was expecting comma to separate Object entries
 at [Source: (PushbackInputStream); line: 5, column: 4]]
?[1;31m
Start test 63?[0m
2021-07-28 10:40:45.292  INFO 14480 --- [nio-8889-exec-8] engine.security.MyUserDetailsService     : Loading user by email: test@google.com
Hibernate: select user0_.id as id1_4_, user0_.email as email2_4_, user0_.password as password3_4_ from user user0_ where user0_.email=?
2021-07-28 10:40:45.479  WARN 14480 --- [nio-8889-exec-8] .w.s.m.s.DefaultHandlerExceptionResolver : Resolved [org.springframework.http.converter.HttpMessageNotReadableException: JSON parse error: Unexpected character ('"' (code 34)): was expecting comma to separate Object entries; nested exception is com.fasterxml.jackson.core.JsonParseException: Unexpected character ('"' (code 34)): was expecting comma to separate Object entries
 at [Source: (PushbackInputStream); line: 5, column: 4]]
?[1;31m
Start test 64?[0m
2021-07-28 10:40:45.512  INFO 14480 --- [nio-8889-exec-9] engine.security.MyUserDetailsService     : Loading user by email: test@google.com
Hibernate: select user0_.id as id1_4_, user0_.email as email2_4_, user0_.password as password3_4_ from user user0_ where user0_.email=?
2021-07-28 10:40:45.680  INFO 14480 --- [nio-8889-exec-9] engine.api.controller.QuizController     : POST /quizzes
Hibernate: select user0_.id as id1_4_, user0_.email as email2_4_, user0_.password as password3_4_ from user user0_ where user0_.email=?
Hibernate: call next value for hibernate_sequence
Hibernate: insert into quiz (text, title, userid, id) values (?, ?, ?, ?)
Hibernate: insert into quiz_answer (quiz_id, answer) values (?, ?)
Hibernate: insert into quiz_answer (quiz_id, answer) values (?, ?)
Hibernate: insert into quiz_options (quiz_id, options) values (?, ?)
Hibernate: insert into quiz_options (quiz_id, options) values (?, ?)
Hibernate: insert into quiz_options (quiz_id, options) values (?, ?)
Hibernate: insert into quiz_options (quiz_id, options) values (?, ?)
?[1;31m
Start test 65?[0m
2021-07-28 10:40:45.708  INFO 14480 --- [io-8889-exec-10] engine.security.MyUserDetailsService     : Loading user by email: test@google.com
Hibernate: select user0_.id as id1_4_, user0_.email as email2_4_, user0_.password as password3_4_ from user user0_ where user0_.email=?
Hibernate: select quiz0_.id as id1_1_0_, quiz0_.text as text2_1_0_, quiz0_.title as title3_1_0_, quiz0_.userid as userid4_1_0_, user1_.id as id1_4_1_, user1_.email as email2_4_1_, user1_.password as password3_4_1_ from quiz quiz0_ left outer join user user1_ on quiz0_.userid=user1_.id where quiz0_.id=?
Hibernate: select options0_.quiz_id as quiz_id1_3_0_, options0_.options as options2_3_0_ from quiz_options options0_ where options0_.quiz_id=?
?[1;31m
Start test 66?[0m
2021-07-28 10:40:45.910  INFO 14480 --- [nio-8889-exec-1] engine.security.MyUserDetailsService     : Loading user by email: test@google.com
Hibernate: select user0_.id as id1_4_, user0_.email as email2_4_, user0_.password as password3_4_ from user user0_ where user0_.email=?
Hibernate: select quiz0_.id as id1_1_0_, quiz0_.text as text2_1_0_, quiz0_.title as title3_1_0_, quiz0_.userid as userid4_1_0_, user1_.id as id1_4_1_, user1_.email as email2_4_1_, user1_.password as password3_4_1_ from quiz quiz0_ left outer join user user1_ on quiz0_.userid=user1_.id where quiz0_.id=?
?[1;31m
Start test 67?[0m
2021-07-28 10:40:46.105  INFO 14480 --- [nio-8889-exec-2] engine.security.MyUserDetailsService     : Loading user by email: test@google.com
Hibernate: select user0_.id as id1_4_, user0_.email as email2_4_, user0_.password as password3_4_ from user user0_ where user0_.email=?
Hibernate: select quiz0_.id as id1_1_0_, quiz0_.text as text2_1_0_, quiz0_.title as title3_1_0_, quiz0_.userid as userid4_1_0_, user1_.id as id1_4_1_, user1_.email as email2_4_1_, user1_.password as password3_4_1_ from quiz quiz0_ left outer join user user1_ on quiz0_.userid=user1_.id where quiz0_.id=?
Hibernate: select answer0_.quiz_id as quiz_id1_2_0_, answer0_.answer as answer2_2_0_ from quiz_answer answer0_ where answer0_.quiz_id=?
?[1;31m
Start test 68?[0m
2021-07-28 10:40:46.672  INFO 14480 --- [nio-8889-exec-3] engine.security.MyUserDetailsService     : Loading user by email: user@google.com
Hibernate: select user0_.id as id1_4_, user0_.email as email2_4_, user0_.password as password3_4_ from user user0_ where user0_.email=?
Hibernate: select quiz0_.id as id1_1_0_, quiz0_.text as text2_1_0_, quiz0_.title as title3_1_0_, quiz0_.userid as userid4_1_0_, user1_.id as id1_4_1_, user1_.email as email2_4_1_, user1_.password as password3_4_1_ from quiz quiz0_ left outer join user user1_ on quiz0_.userid=user1_.id where quiz0_.id=?
Hibernate: select answer0_.quiz_id as quiz_id1_2_0_, answer0_.answer as answer2_2_0_ from quiz_answer answer0_ where answer0_.quiz_id=?
?[1;31m
Start test 69?[0m
2021-07-28 10:40:47.235  INFO 14480 --- [nio-8889-exec-4] engine.security.MyUserDetailsService     : Loading user by email: test@google.com
Hibernate: select user0_.id as id1_4_, user0_.email as email2_4_, user0_.password as password3_4_ from user user0_ where user0_.email=?
Hibernate: select quiz0_.id as id1_1_0_, quiz0_.text as text2_1_0_, quiz0_.title as title3_1_0_, quiz0_.userid as userid4_1_0_, user1_.id as id1_4_1_, user1_.email as email2_4_1_, user1_.password as password3_4_1_ from quiz quiz0_ left outer join user user1_ on quiz0_.userid=user1_.id where quiz0_.id=?
Hibernate: select answer0_.quiz_id as quiz_id1_2_0_, answer0_.answer as answer2_2_0_ from quiz_answer answer0_ where answer0_.quiz_id=?
?[1;31m
Start test 70?[0m
2021-07-28 10:40:47.546  INFO 14480 --- [nio-8889-exec-5] engine.security.MyUserDetailsService     : Loading user by email: user@google.com
Hibernate: select user0_.id as id1_4_, user0_.email as email2_4_, user0_.password as password3_4_ from user user0_ where user0_.email=?
Hibernate: select quiz0_.id as id1_1_0_, quiz0_.text as text2_1_0_, quiz0_.title as title3_1_0_, quiz0_.userid as userid4_1_0_, user1_.id as id1_4_1_, user1_.email as email2_4_1_, user1_.password as password3_4_1_ from quiz quiz0_ left outer join user user1_ on quiz0_.userid=user1_.id where quiz0_.id=?
Hibernate: select answer0_.quiz_id as quiz_id1_2_0_, answer0_.answer as answer2_2_0_ from quiz_answer answer0_ where answer0_.quiz_id=?
?[1;31m
Start test 71?[0m
2021-07-28 10:40:47.809  INFO 14480 --- [nio-8889-exec-6] engine.security.MyUserDetailsService     : Loading user by email: test@google.com
Hibernate: select user0_.id as id1_4_, user0_.email as email2_4_, user0_.password as password3_4_ from user user0_ where user0_.email=?
Hibernate: select quiz0_.id as id1_1_0_, quiz0_.text as text2_1_0_, quiz0_.title as title3_1_0_, quiz0_.userid as userid4_1_0_, user1_.id as id1_4_1_, user1_.email as email2_4_1_, user1_.password as password3_4_1_ from quiz quiz0_ left outer join user user1_ on quiz0_.userid=user1_.id where quiz0_.id=?
Hibernate: select answer0_.quiz_id as quiz_id1_2_0_, answer0_.answer as answer2_2_0_ from quiz_answer answer0_ where answer0_.quiz_id=?
?[1;31m
Start test 72?[0m
2021-07-28 10:40:48.180  INFO 14480 --- [nio-8889-exec-7] engine.security.MyUserDetailsService     : Loading user by email: user@google.com
Hibernate: select user0_.id as id1_4_, user0_.email as email2_4_, user0_.password as password3_4_ from user user0_ where user0_.email=?
Hibernate: select quiz0_.id as id1_1_0_, quiz0_.text as text2_1_0_, quiz0_.title as title3_1_0_, quiz0_.userid as userid4_1_0_, user1_.id as id1_4_1_, user1_.email as email2_4_1_, user1_.password as password3_4_1_ from quiz quiz0_ left outer join user user1_ on quiz0_.userid=user1_.id where quiz0_.id=?
Hibernate: select answer0_.quiz_id as quiz_id1_2_0_, answer0_.answer as answer2_2_0_ from quiz_answer answer0_ where answer0_.quiz_id=?
Hibernate: select completedq0_.completed_at as complete1_0_0_, completedq0_.email as email2_0_0_, completedq0_.id as id3_0_0_ from completed_quiz completedq0_ where completedq0_.completed_at=? and completedq0_.email=? and completedq0_.id=?
Hibernate: insert into completed_quiz (completed_at, email, id) values (?, ?, ?)
?[1;31m
Start test 73?[0m
2021-07-28 10:40:48.505  INFO 14480 --- [nio-8889-exec-8] engine.security.MyUserDetailsService     : Loading user by email: test@google.com
Hibernate: select user0_.id as id1_4_, user0_.email as email2_4_, user0_.password as password3_4_ from user user0_ where user0_.email=?
Hibernate: select quiz0_.id as id1_1_0_, quiz0_.text as text2_1_0_, quiz0_.title as title3_1_0_, quiz0_.userid as userid4_1_0_, user1_.id as id1_4_1_, user1_.email as email2_4_1_, user1_.password as password3_4_1_ from quiz quiz0_ left outer join user user1_ on quiz0_.userid=user1_.id where quiz0_.id=?
Hibernate: select answer0_.quiz_id as quiz_id1_2_0_, answer0_.answer as answer2_2_0_ from quiz_answer answer0_ where answer0_.quiz_id=?
?[1;31m
Start test 74?[0m
2021-07-28 10:40:48.754  INFO 14480 --- [nio-8889-exec-9] engine.security.MyUserDetailsService     : Loading user by email: user@google.com
Hibernate: select user0_.id as id1_4_, user0_.email as email2_4_, user0_.password as password3_4_ from user user0_ where user0_.email=?
Hibernate: select quiz0_.id as id1_1_0_, quiz0_.text as text2_1_0_, quiz0_.title as title3_1_0_, quiz0_.userid as userid4_1_0_, user1_.id as id1_4_1_, user1_.email as email2_4_1_, user1_.password as password3_4_1_ from quiz quiz0_ left outer join user user1_ on quiz0_.userid=user1_.id where quiz0_.id=?
Hibernate: select answer0_.quiz_id as quiz_id1_2_0_, answer0_.answer as answer2_2_0_ from quiz_answer answer0_ where answer0_.quiz_id=?
?[1;31m
Start test 75?[0m
2021-07-28 10:40:49.038  INFO 14480 --- [io-8889-exec-10] engine.security.MyUserDetailsService     : Loading user by email: test@google.com
Hibernate: select user0_.id as id1_4_, user0_.email as email2_4_, user0_.password as password3_4_ from user user0_ where user0_.email=?
Hibernate: select quiz0_.id as id1_1_0_, quiz0_.text as text2_1_0_, quiz0_.title as title3_1_0_, quiz0_.userid as userid4_1_0_, user1_.id as id1_4_1_, user1_.email as email2_4_1_, user1_.password as password3_4_1_ from quiz quiz0_ left outer join user user1_ on quiz0_.userid=user1_.id where quiz0_.id=?
Hibernate: select answer0_.quiz_id as quiz_id1_2_0_, answer0_.answer as answer2_2_0_ from quiz_answer answer0_ where answer0_.quiz_id=?
?[1;31m
Start test 76?[0m
2021-07-28 10:40:49.259  INFO 14480 --- [nio-8889-exec-1] engine.security.MyUserDetailsService     : Loading user by email: user@google.com
Hibernate: select user0_.id as id1_4_, user0_.email as email2_4_, user0_.password as password3_4_ from user user0_ where user0_.email=?
Hibernate: select quiz0_.id as id1_1_0_, quiz0_.text as text2_1_0_, quiz0_.title as title3_1_0_, quiz0_.userid as userid4_1_0_, user1_.id as id1_4_1_, user1_.email as email2_4_1_, user1_.password as password3_4_1_ from quiz quiz0_ left outer join user user1_ on quiz0_.userid=user1_.id where quiz0_.id=?
Hibernate: select answer0_.quiz_id as quiz_id1_2_0_, answer0_.answer as answer2_2_0_ from quiz_answer answer0_ where answer0_.quiz_id=?
?[1;31m
Start test 77?[0m
2021-07-28 10:40:49.519  INFO 14480 --- [nio-8889-exec-2] engine.security.MyUserDetailsService     : Loading user by email: test@google.com
Hibernate: select user0_.id as id1_4_, user0_.email as email2_4_, user0_.password as password3_4_ from user user0_ where user0_.email=?
Hibernate: select quiz0_.id as id1_1_0_, quiz0_.text as text2_1_0_, quiz0_.title as title3_1_0_, quiz0_.userid as userid4_1_0_, user1_.id as id1_4_1_, user1_.email as email2_4_1_, user1_.password as password3_4_1_ from quiz quiz0_ left outer join user user1_ on quiz0_.userid=user1_.id where quiz0_.id=?
Hibernate: select answer0_.quiz_id as quiz_id1_2_0_, answer0_.answer as answer2_2_0_ from quiz_answer answer0_ where answer0_.quiz_id=?
?[1;31m
Start test 78?[0m
2021-07-28 10:40:49.706  INFO 14480 --- [nio-8889-exec-3] engine.security.MyUserDetailsService     : Loading user by email: user@google.com
Hibernate: select user0_.id as id1_4_, user0_.email as email2_4_, user0_.password as password3_4_ from user user0_ where user0_.email=?
Hibernate: select quiz0_.id as id1_1_0_, quiz0_.text as text2_1_0_, quiz0_.title as title3_1_0_, quiz0_.userid as userid4_1_0_, user1_.id as id1_4_1_, user1_.email as email2_4_1_, user1_.password as password3_4_1_ from quiz quiz0_ left outer join user user1_ on quiz0_.userid=user1_.id where quiz0_.id=?
Hibernate: select answer0_.quiz_id as quiz_id1_2_0_, answer0_.answer as answer2_2_0_ from quiz_answer answer0_ where answer0_.quiz_id=?
?[1;31m
Start test 79?[0m
2021-07-28 10:40:50.058  INFO 14480 --- [nio-8889-exec-4] engine.security.MyUserDetailsService     : Loading user by email: test@google.com
Hibernate: select user0_.id as id1_4_, user0_.email as email2_4_, user0_.password as password3_4_ from user user0_ where user0_.email=?
Hibernate: select quiz0_.id as id1_1_0_, quiz0_.text as text2_1_0_, quiz0_.title as title3_1_0_, quiz0_.userid as userid4_1_0_, user1_.id as id1_4_1_, user1_.email as email2_4_1_, user1_.password as password3_4_1_ from quiz quiz0_ left outer join user user1_ on quiz0_.userid=user1_.id where quiz0_.id=?
Hibernate: select answer0_.quiz_id as quiz_id1_2_0_, answer0_.answer as answer2_2_0_ from quiz_answer answer0_ where answer0_.quiz_id=?
?[1;31m
Start test 80?[0m
2021-07-28 10:40:50.248  INFO 14480 --- [nio-8889-exec-5] engine.security.MyUserDetailsService     : Loading user by email: user@google.com
Hibernate: select user0_.id as id1_4_, user0_.email as email2_4_, user0_.password as password3_4_ from user user0_ where user0_.email=?
Hibernate: select quiz0_.id as id1_1_0_, quiz0_.text as text2_1_0_, quiz0_.title as title3_1_0_, quiz0_.userid as userid4_1_0_, user1_.id as id1_4_1_, user1_.email as email2_4_1_, user1_.password as password3_4_1_ from quiz quiz0_ left outer join user user1_ on quiz0_.userid=user1_.id where quiz0_.id=?
Hibernate: select answer0_.quiz_id as quiz_id1_2_0_, answer0_.answer as answer2_2_0_ from quiz_answer answer0_ where answer0_.quiz_id=?
?[1;31m
Start test 81?[0m
2021-07-28 10:40:50.467  INFO 14480 --- [nio-8889-exec-6] engine.security.MyUserDetailsService     : Loading user by email: test@google.com
Hibernate: select user0_.id as id1_4_, user0_.email as email2_4_, user0_.password as password3_4_ from user user0_ where user0_.email=?
Hibernate: select quiz0_.id as id1_1_0_, quiz0_.text as text2_1_0_, quiz0_.title as title3_1_0_, quiz0_.userid as userid4_1_0_, user1_.id as id1_4_1_, user1_.email as email2_4_1_, user1_.password as password3_4_1_ from quiz quiz0_ left outer join user user1_ on quiz0_.userid=user1_.id where quiz0_.id=?
Hibernate: select answer0_.quiz_id as quiz_id1_2_0_, answer0_.answer as answer2_2_0_ from quiz_answer answer0_ where answer0_.quiz_id=?
?[1;31m
Start test 82?[0m
2021-07-28 10:40:50.649  INFO 14480 --- [nio-8889-exec-7] engine.security.MyUserDetailsService     : Loading user by email: test@google.com
Hibernate: select user0_.id as id1_4_, user0_.email as email2_4_, user0_.password as password3_4_ from user user0_ where user0_.email=?
2021-07-28 10:40:50.813  INFO 14480 --- [nio-8889-exec-7] engine.api.controller.QuizController     : POST /quizzes
Hibernate: select user0_.id as id1_4_, user0_.email as email2_4_, user0_.password as password3_4_ from user user0_ where user0_.email=?
Hibernate: call next value for hibernate_sequence
Hibernate: insert into quiz (text, title, userid, id) values (?, ?, ?, ?)
Hibernate: insert into quiz_answer (quiz_id, answer) values (?, ?)
Hibernate: insert into quiz_answer (quiz_id, answer) values (?, ?)
Hibernate: insert into quiz_options (quiz_id, options) values (?, ?)
Hibernate: insert into quiz_options (quiz_id, options) values (?, ?)
Hibernate: insert into quiz_options (quiz_id, options) values (?, ?)
Hibernate: insert into quiz_options (quiz_id, options) values (?, ?)
?[1;31m
Start test 83?[0m
2021-07-28 10:40:50.847  INFO 14480 --- [nio-8889-exec-8] engine.security.MyUserDetailsService     : Loading user by email: test@google.com
Hibernate: select user0_.id as id1_4_, user0_.email as email2_4_, user0_.password as password3_4_ from user user0_ where user0_.email=?
Hibernate: select quiz0_.id as id1_1_0_, quiz0_.text as text2_1_0_, quiz0_.title as title3_1_0_, quiz0_.userid as userid4_1_0_, user1_.id as id1_4_1_, user1_.email as email2_4_1_, user1_.password as password3_4_1_ from quiz quiz0_ left outer join user user1_ on quiz0_.userid=user1_.id where quiz0_.id=?
Hibernate: select options0_.quiz_id as quiz_id1_3_0_, options0_.options as options2_3_0_ from quiz_options options0_ where options0_.quiz_id=?
?[1;31m
Start test 84?[0m
2021-07-28 10:40:51.053  INFO 14480 --- [nio-8889-exec-9] engine.security.MyUserDetailsService     : Loading user by email: test@google.com
Hibernate: select user0_.id as id1_4_, user0_.email as email2_4_, user0_.password as password3_4_ from user user0_ where user0_.email=?
Hibernate: select quiz0_.id as id1_1_0_, quiz0_.text as text2_1_0_, quiz0_.title as title3_1_0_, quiz0_.userid as userid4_1_0_, user1_.id as id1_4_1_, user1_.email as email2_4_1_, user1_.password as password3_4_1_ from quiz quiz0_ left outer join user user1_ on quiz0_.userid=user1_.id where quiz0_.id=?
?[1;31m
Start test 85?[0m
2021-07-28 10:40:51.187  INFO 14480 --- [io-8889-exec-10] engine.security.MyUserDetailsService     : Loading user by email: test@google.com
Hibernate: select user0_.id as id1_4_, user0_.email as email2_4_, user0_.password as password3_4_ from user user0_ where user0_.email=?
Hibernate: select quiz0_.id as id1_1_0_, quiz0_.text as text2_1_0_, quiz0_.title as title3_1_0_, quiz0_.userid as userid4_1_0_, user1_.id as id1_4_1_, user1_.email as email2_4_1_, user1_.password as password3_4_1_ from quiz quiz0_ left outer join user user1_ on quiz0_.userid=user1_.id where quiz0_.id=?
Hibernate: select answer0_.quiz_id as quiz_id1_2_0_, answer0_.answer as answer2_2_0_ from quiz_answer answer0_ where answer0_.quiz_id=?
?[1;31m
Start test 86?[0m
2021-07-28 10:40:51.317  INFO 14480 --- [nio-8889-exec-1] engine.security.MyUserDetailsService     : Loading user by email: user@google.com
Hibernate: select user0_.id as id1_4_, user0_.email as email2_4_, user0_.password as password3_4_ from user user0_ where user0_.email=?
Hibernate: select quiz0_.id as id1_1_0_, quiz0_.text as text2_1_0_, quiz0_.title as title3_1_0_, quiz0_.userid as userid4_1_0_, user1_.id as id1_4_1_, user1_.email as email2_4_1_, user1_.password as password3_4_1_ from quiz quiz0_ left outer join user user1_ on quiz0_.userid=user1_.id where quiz0_.id=?
Hibernate: select answer0_.quiz_id as quiz_id1_2_0_, answer0_.answer as answer2_2_0_ from quiz_answer answer0_ where answer0_.quiz_id=?
?[1;31m
Start test 87?[0m
2021-07-28 10:40:51.468  INFO 14480 --- [nio-8889-exec-3] engine.security.MyUserDetailsService     : Loading user by email: test@google.com
Hibernate: select user0_.id as id1_4_, user0_.email as email2_4_, user0_.password as password3_4_ from user user0_ where user0_.email=?
Hibernate: select quiz0_.id as id1_1_0_, quiz0_.text as text2_1_0_, quiz0_.title as title3_1_0_, quiz0_.userid as userid4_1_0_, user1_.id as id1_4_1_, user1_.email as email2_4_1_, user1_.password as password3_4_1_ from quiz quiz0_ left outer join user user1_ on quiz0_.userid=user1_.id where quiz0_.id=?
Hibernate: select answer0_.quiz_id as quiz_id1_2_0_, answer0_.answer as answer2_2_0_ from quiz_answer answer0_ where answer0_.quiz_id=?
?[1;31m
Start test 88?[0m
2021-07-28 10:40:51.714  INFO 14480 --- [nio-8889-exec-4] engine.security.MyUserDetailsService     : Loading user by email: user@google.com
Hibernate: select user0_.id as id1_4_, user0_.email as email2_4_, user0_.password as password3_4_ from user user0_ where user0_.email=?
Hibernate: select quiz0_.id as id1_1_0_, quiz0_.text as text2_1_0_, quiz0_.title as title3_1_0_, quiz0_.userid as userid4_1_0_, user1_.id as id1_4_1_, user1_.email as email2_4_1_, user1_.password as password3_4_1_ from quiz quiz0_ left outer join user user1_ on quiz0_.userid=user1_.id where quiz0_.id=?
Hibernate: select answer0_.quiz_id as quiz_id1_2_0_, answer0_.answer as answer2_2_0_ from quiz_answer answer0_ where answer0_.quiz_id=?
?[1;31m
Start test 89?[0m
2021-07-28 10:40:51.925  INFO 14480 --- [nio-8889-exec-5] engine.security.MyUserDetailsService     : Loading user by email: test@google.com
Hibernate: select user0_.id as id1_4_, user0_.email as email2_4_, user0_.password as password3_4_ from user user0_ where user0_.email=?
Hibernate: select quiz0_.id as id1_1_0_, quiz0_.text as text2_1_0_, quiz0_.title as title3_1_0_, quiz0_.userid as userid4_1_0_, user1_.id as id1_4_1_, user1_.email as email2_4_1_, user1_.password as password3_4_1_ from quiz quiz0_ left outer join user user1_ on quiz0_.userid=user1_.id where quiz0_.id=?
Hibernate: select answer0_.quiz_id as quiz_id1_2_0_, answer0_.answer as answer2_2_0_ from quiz_answer answer0_ where answer0_.quiz_id=?
?[1;31m
Start test 90?[0m
2021-07-28 10:40:52.169  INFO 14480 --- [nio-8889-exec-6] engine.security.MyUserDetailsService     : Loading user by email: user@google.com
Hibernate: select user0_.id as id1_4_, user0_.email as email2_4_, user0_.password as password3_4_ from user user0_ where user0_.email=?
Hibernate: select quiz0_.id as id1_1_0_, quiz0_.text as text2_1_0_, quiz0_.title as title3_1_0_, quiz0_.userid as userid4_1_0_, user1_.id as id1_4_1_, user1_.email as email2_4_1_, user1_.password as password3_4_1_ from quiz quiz0_ left outer join user user1_ on quiz0_.userid=user1_.id where quiz0_.id=?
Hibernate: select answer0_.quiz_id as quiz_id1_2_0_, answer0_.answer as answer2_2_0_ from quiz_answer answer0_ where answer0_.quiz_id=?
?[1;31m
Start test 91?[0m
2021-07-28 10:40:52.346  INFO 14480 --- [nio-8889-exec-7] engine.security.MyUserDetailsService     : Loading user by email: test@google.com
Hibernate: select user0_.id as id1_4_, user0_.email as email2_4_, user0_.password as password3_4_ from user user0_ where user0_.email=?
Hibernate: select quiz0_.id as id1_1_0_, quiz0_.text as text2_1_0_, quiz0_.title as title3_1_0_, quiz0_.userid as userid4_1_0_, user1_.id as id1_4_1_, user1_.email as email2_4_1_, user1_.password as password3_4_1_ from quiz quiz0_ left outer join user user1_ on quiz0_.userid=user1_.id where quiz0_.id=?
Hibernate: select answer0_.quiz_id as quiz_id1_2_0_, answer0_.answer as answer2_2_0_ from quiz_answer answer0_ where answer0_.quiz_id=?
?[1;31m
Start test 92?[0m
2021-07-28 10:40:52.504  INFO 14480 --- [nio-8889-exec-8] engine.security.MyUserDetailsService     : Loading user by email: user@google.com
Hibernate: select user0_.id as id1_4_, user0_.email as email2_4_, user0_.password as password3_4_ from user user0_ where user0_.email=?
Hibernate: select quiz0_.id as id1_1_0_, quiz0_.text as text2_1_0_, quiz0_.title as title3_1_0_, quiz0_.userid as userid4_1_0_, user1_.id as id1_4_1_, user1_.email as email2_4_1_, user1_.password as password3_4_1_ from quiz quiz0_ left outer join user user1_ on quiz0_.userid=user1_.id where quiz0_.id=?
Hibernate: select answer0_.quiz_id as quiz_id1_2_0_, answer0_.answer as answer2_2_0_ from quiz_answer answer0_ where answer0_.quiz_id=?
?[1;31m
Start test 93?[0m
2021-07-28 10:40:52.616  INFO 14480 --- [nio-8889-exec-9] engine.security.MyUserDetailsService     : Loading user by email: test@google.com
Hibernate: select user0_.id as id1_4_, user0_.email as email2_4_, user0_.password as password3_4_ from user user0_ where user0_.email=?
Hibernate: select quiz0_.id as id1_1_0_, quiz0_.text as text2_1_0_, quiz0_.title as title3_1_0_, quiz0_.userid as userid4_1_0_, user1_.id as id1_4_1_, user1_.email as email2_4_1_, user1_.password as password3_4_1_ from quiz quiz0_ left outer join user user1_ on quiz0_.userid=user1_.id where quiz0_.id=?
Hibernate: select answer0_.quiz_id as quiz_id1_2_0_, answer0_.answer as answer2_2_0_ from quiz_answer answer0_ where answer0_.quiz_id=?
?[1;31m
Start test 94?[0m
2021-07-28 10:40:52.718  INFO 14480 --- [io-8889-exec-10] engine.security.MyUserDetailsService     : Loading user by email: user@google.com
Hibernate: select user0_.id as id1_4_, user0_.email as email2_4_, user0_.password as password3_4_ from user user0_ where user0_.email=?
Hibernate: select quiz0_.id as id1_1_0_, quiz0_.text as text2_1_0_, quiz0_.title as title3_1_0_, quiz0_.userid as userid4_1_0_, user1_.id as id1_4_1_, user1_.email as email2_4_1_, user1_.password as password3_4_1_ from quiz quiz0_ left outer join user user1_ on quiz0_.userid=user1_.id where quiz0_.id=?
Hibernate: select answer0_.quiz_id as quiz_id1_2_0_, answer0_.answer as answer2_2_0_ from quiz_answer answer0_ where answer0_.quiz_id=?
Hibernate: select completedq0_.completed_at as complete1_0_0_, completedq0_.email as email2_0_0_, completedq0_.id as id3_0_0_ from completed_quiz completedq0_ where completedq0_.completed_at=? and completedq0_.email=? and completedq0_.id=?
Hibernate: insert into completed_quiz (completed_at, email, id) values (?, ?, ?)
?[1;31m
Start test 95?[0m
2021-07-28 10:40:52.842  INFO 14480 --- [nio-8889-exec-2] engine.security.MyUserDetailsService     : Loading user by email: test@google.com
Hibernate: select user0_.id as id1_4_, user0_.email as email2_4_, user0_.password as password3_4_ from user user0_ where user0_.email=?
Hibernate: select quiz0_.id as id1_1_0_, quiz0_.text as text2_1_0_, quiz0_.title as title3_1_0_, quiz0_.userid as userid4_1_0_, user1_.id as id1_4_1_, user1_.email as email2_4_1_, user1_.password as password3_4_1_ from quiz quiz0_ left outer join user user1_ on quiz0_.userid=user1_.id where quiz0_.id=?
Hibernate: select answer0_.quiz_id as quiz_id1_2_0_, answer0_.answer as answer2_2_0_ from quiz_answer answer0_ where answer0_.quiz_id=?
?[1;31m
Start test 96?[0m
2021-07-28 10:40:53.115  INFO 14480 --- [nio-8889-exec-3] engine.security.MyUserDetailsService     : Loading user by email: user@google.com
Hibernate: select user0_.id as id1_4_, user0_.email as email2_4_, user0_.password as password3_4_ from user user0_ where user0_.email=?
Hibernate: select quiz0_.id as id1_1_0_, quiz0_.text as text2_1_0_, quiz0_.title as title3_1_0_, quiz0_.userid as userid4_1_0_, user1_.id as id1_4_1_, user1_.email as email2_4_1_, user1_.password as password3_4_1_ from quiz quiz0_ left outer join user user1_ on quiz0_.userid=user1_.id where quiz0_.id=?
Hibernate: select answer0_.quiz_id as quiz_id1_2_0_, answer0_.answer as answer2_2_0_ from quiz_answer answer0_ where answer0_.quiz_id=?
?[1;31m
Start test 97?[0m
2021-07-28 10:40:53.310  INFO 14480 --- [nio-8889-exec-4] engine.security.MyUserDetailsService     : Loading user by email: test@google.com
Hibernate: select user0_.id as id1_4_, user0_.email as email2_4_, user0_.password as password3_4_ from user user0_ where user0_.email=?
Hibernate: select quiz0_.id as id1_1_0_, quiz0_.text as text2_1_0_, quiz0_.title as title3_1_0_, quiz0_.userid as userid4_1_0_, user1_.id as id1_4_1_, user1_.email as email2_4_1_, user1_.password as password3_4_1_ from quiz quiz0_ left outer join user user1_ on quiz0_.userid=user1_.id where quiz0_.id=?
Hibernate: select answer0_.quiz_id as quiz_id1_2_0_, answer0_.answer as answer2_2_0_ from quiz_answer answer0_ where answer0_.quiz_id=?
?[1;31m
Start test 98?[0m
[...]
Hibernate: select quiz0_.id as id1_1_0_, quiz0_.text as text2_1_0_, quiz0_.title as title3_1_0_, quiz0_.userid as userid4_1_0_, user1_.id as id1_4_1_, user1_.email as email2_4_1_, user1_.password as password3_4_1_ from quiz quiz0_ left outer join user user1_ on quiz0_.userid=user1_.id where quiz0_.id=?
?[1;31m
Start test 220?[0m
2021-07-28 10:41:16.145  INFO 14480 --- [nio-8889-exec-7] engine.security.MyUserDetailsService     : Loading user by email: user@google.com
Hibernate: select user0_.id as id1_4_, user0_.email as email2_4_, user0_.password as password3_4_ from user user0_ where user0_.email=?
Hibernate: select quiz0_.id as id1_1_0_, quiz0_.text as text2_1_0_, quiz0_.title as title3_1_0_, quiz0_.userid as userid4_1_0_, user1_.id as id1_4_1_, user1_.email as email2_4_1_, user1_.password as password3_4_1_ from quiz quiz0_ left outer join user user1_ on quiz0_.userid=user1_.id where quiz0_.id=?
?[1;31m
Start test 221?[0m
2021-07-28 10:41:16.240  INFO 14480 --- [nio-8889-exec-9] engine.security.MyUserDetailsService     : Loading user by email: test@google.com
Hibernate: select user0_.id as id1_4_, user0_.email as email2_4_, user0_.password as password3_4_ from user user0_ where user0_.email=?
2021-07-28 10:41:16.430  INFO 14480 --- [nio-8889-exec-9] engine.api.controller.QuizController     : POST /quizzes
Hibernate: select user0_.id as id1_4_, user0_.email as email2_4_, user0_.password as password3_4_ from user user0_ where user0_.email=?
Hibernate: call next value for hibernate_sequence
Hibernate: insert into quiz (text, title, userid, id) values (?, ?, ?, ?)
Hibernate: insert into quiz_answer (quiz_id, answer) values (?, ?)
Hibernate: insert into quiz_answer (quiz_id, answer) values (?, ?)
Hibernate: insert into quiz_answer (quiz_id, answer) values (?, ?)
Hibernate: insert into quiz_options (quiz_id, options) values (?, ?)
Hibernate: insert into quiz_options (quiz_id, options) values (?, ?)
Hibernate: insert into quiz_options (quiz_id, options) values (?, ?)
Hibernate: insert into quiz_options (quiz_id, options) values (?, ?)
?[1;31m
Start test 222?[0m
2021-07-28 10:41:16.493  INFO 14480 --- [io-8889-exec-10] engine.security.MyUserDetailsService     : Loading user by email: user@google.com
Hibernate: select user0_.id as id1_4_, user0_.email as email2_4_, user0_.password as password3_4_ from user user0_ where user0_.email=?
2021-07-28 10:41:16.617  INFO 14480 --- [io-8889-exec-10] engine.api.controller.QuizController     : POST /quizzes
Hibernate: select user0_.id as id1_4_, user0_.email as email2_4_, user0_.password as password3_4_ from user user0_ where user0_.email=?
Hibernate: call next value for hibernate_sequence
Hibernate: insert into quiz (text, title, userid, id) values (?, ?, ?, ?)
Hibernate: insert into quiz_answer (quiz_id, answer) values (?, ?)
Hibernate: insert into quiz_answer (quiz_id, answer) values (?, ?)
Hibernate: insert into quiz_answer (quiz_id, answer) values (?, ?)
Hibernate: insert into quiz_options (quiz_id, options) values (?, ?)
Hibernate: insert into quiz_options (quiz_id, options) values (?, ?)
Hibernate: insert into quiz_options (quiz_id, options) values (?, ?)
Hibernate: insert into quiz_options (quiz_id, options) values (?, ?)
?[1;31m
Start test 223?[0m
2021-07-28 10:41:16.636  INFO 14480 --- [nio-8889-exec-1] engine.security.MyUserDetailsService     : Loading user by email: test@google.com
Hibernate: select user0_.id as id1_4_, user0_.email as email2_4_, user0_.password as password3_4_ from user user0_ where user0_.email=?
2021-07-28 10:41:16.760  INFO 14480 --- [nio-8889-exec-1] engine.api.controller.QuizController     : POST /quizzes
Hibernate: select user0_.id as id1_4_, user0_.email as email2_4_, user0_.password as password3_4_ from user user0_ where user0_.email=?
Hibernate: call next value for hibernate_sequence
Hibernate: insert into quiz (text, title, userid, id) values (?, ?, ?, ?)
Hibernate: insert into quiz_answer (quiz_id, answer) values (?, ?)
Hibernate: insert into quiz_answer (quiz_id, answer) values (?, ?)
Hibernate: insert into quiz_answer (quiz_id, answer) values (?, ?)
Hibernate: insert into quiz_options (quiz_id, options) values (?, ?)
Hibernate: insert into quiz_options (quiz_id, options) values (?, ?)
Hibernate: insert into quiz_options (quiz_id, options) values (?, ?)
Hibernate: insert into quiz_options (quiz_id, options) values (?, ?)
?[1;31m
Start test 224?[0m
2021-07-28 10:41:16.774  INFO 14480 --- [nio-8889-exec-2] engine.security.MyUserDetailsService     : Loading user by email: test@google.com
Hibernate: select user0_.id as id1_4_, user0_.email as email2_4_, user0_.password as password3_4_ from user user0_ where user0_.email=?
2021-07-28 10:41:16.903  INFO 14480 --- [nio-8889-exec-2] engine.api.controller.QuizController     : POST /quizzes
Hibernate: select user0_.id as id1_4_, user0_.email as email2_4_, user0_.password as password3_4_ from user user0_ where user0_.email=?
Hibernate: call next value for hibernate_sequence
Hibernate: insert into quiz (text, title, userid, id) values (?, ?, ?, ?)
Hibernate: insert into quiz_answer (quiz_id, answer) values (?, ?)
Hibernate: insert into quiz_answer (quiz_id, answer) values (?, ?)
Hibernate: insert into quiz_answer (quiz_id, answer) values (?, ?)
Hibernate: insert into quiz_options (quiz_id, options) values (?, ?)
Hibernate: insert into quiz_options (quiz_id, options) values (?, ?)
Hibernate: insert into quiz_options (quiz_id, options) values (?, ?)
Hibernate: insert into quiz_options (quiz_id, options) values (?, ?)
?[1;31m
Start test 225?[0m
2021-07-28 10:41:16.919  INFO 14480 --- [nio-8889-exec-3] engine.security.MyUserDetailsService     : Loading user by email: test@google.com
Hibernate: select user0_.id as id1_4_, user0_.email as email2_4_, user0_.password as password3_4_ from user user0_ where user0_.email=?
2021-07-28 10:41:17.041  INFO 14480 --- [nio-8889-exec-3] engine.api.controller.QuizController     : POST /quizzes
Hibernate: select user0_.id as id1_4_, user0_.email as email2_4_, user0_.password as password3_4_ from user user0_ where user0_.email=?
Hibernate: call next value for hibernate_sequence
Hibernate: insert into quiz (text, title, userid, id) values (?, ?, ?, ?)
Hibernate: insert into quiz_answer (quiz_id, answer) values (?, ?)
Hibernate: insert into quiz_answer (quiz_id, answer) values (?, ?)
Hibernate: insert into quiz_answer (quiz_id, answer) values (?, ?)
Hibernate: insert into quiz_options (quiz_id, options) values (?, ?)
Hibernate: insert into quiz_options (quiz_id, options) values (?, ?)
Hibernate: insert into quiz_options (quiz_id, options) values (?, ?)
Hibernate: insert into quiz_options (quiz_id, options) values (?, ?)
?[1;31m
Start test 226?[0m
2021-07-28 10:41:17.057  INFO 14480 --- [nio-8889-exec-4] engine.security.MyUserDetailsService     : Loading user by email: user@google.com
Hibernate: select user0_.id as id1_4_, user0_.email as email2_4_, user0_.password as password3_4_ from user user0_ where user0_.email=?
2021-07-28 10:41:17.148  INFO 14480 --- [nio-8889-exec-4] engine.api.controller.QuizController     : POST /quizzes
Hibernate: select user0_.id as id1_4_, user0_.email as email2_4_, user0_.password as password3_4_ from user user0_ where user0_.email=?
Hibernate: call next value for hibernate_sequence
Hibernate: insert into quiz (text, title, userid, id) values (?, ?, ?, ?)
Hibernate: insert into quiz_answer (quiz_id, answer) values (?, ?)
Hibernate: insert into quiz_answer (quiz_id, answer) values (?, ?)
Hibernate: insert into quiz_answer (quiz_id, answer) values (?, ?)
Hibernate: insert into quiz_options (quiz_id, options) values (?, ?)
Hibernate: insert into quiz_options (quiz_id, options) values (?, ?)
Hibernate: insert into quiz_options (quiz_id, options) values (?, ?)
Hibernate: insert into quiz_options (quiz_id, options) values (?, ?)
?[1;31m
Start test 227?[0m
2021-07-28 10:41:17.163  INFO 14480 --- [nio-8889-exec-5] engine.security.MyUserDetailsService     : Loading user by email: test@google.com
Hibernate: select user0_.id as id1_4_, user0_.email as email2_4_, user0_.password as password3_4_ from user user0_ where user0_.email=?
2021-07-28 10:41:17.253  INFO 14480 --- [nio-8889-exec-5] engine.api.controller.QuizController     : POST /quizzes
Hibernate: select user0_.id as id1_4_, user0_.email as email2_4_, user0_.password as password3_4_ from user user0_ where user0_.email=?
Hibernate: call next value for hibernate_sequence
Hibernate: insert into quiz (text, title, userid, id) values (?, ?, ?, ?)
Hibernate: insert into quiz_answer (quiz_id, answer) values (?, ?)
Hibernate: insert into quiz_answer (quiz_id, answer) values (?, ?)
Hibernate: insert into quiz_answer (quiz_id, answer) values (?, ?)
Hibernate: insert into quiz_options (quiz_id, options) values (?, ?)
Hibernate: insert into quiz_options (quiz_id, options) values (?, ?)
Hibernate: insert into quiz_options (quiz_id, options) values (?, ?)
Hibernate: insert into quiz_options (quiz_id, options) values (?, ?)
?[1;31m
Start test 228?[0m
2021-07-28 10:41:17.264  INFO 14480 --- [nio-8889-exec-6] engine.security.MyUserDetailsService     : Loading user by email: user@google.com
Hibernate: select user0_.id as id1_4_, user0_.email as email2_4_, user0_.password as password3_4_ from user user0_ where user0_.email=?
2021-07-28 10:41:17.353  INFO 14480 --- [nio-8889-exec-6] engine.api.controller.QuizController     : POST /quizzes
Hibernate: select user0_.id as id1_4_, user0_.email as email2_4_, user0_.password as password3_4_ from user user0_ where user0_.email=?
Hibernate: call next value for hibernate_sequence
Hibernate: insert into quiz (text, title, userid, id) values (?, ?, ?, ?)
Hibernate: insert into quiz_answer (quiz_id, answer) values (?, ?)
Hibernate: insert into quiz_answer (quiz_id, answer) values (?, ?)
Hibernate: insert into quiz_answer (quiz_id, answer) values (?, ?)
Hibernate: insert into quiz_options (quiz_id, options) values (?, ?)
Hibernate: insert into quiz_options (quiz_id, options) values (?, ?)
Hibernate: insert into quiz_options (quiz_id, options) values (?, ?)
Hibernate: insert into quiz_options (quiz_id, options) values (?, ?)
?[1;31m
Start test 229?[0m
2021-07-28 10:41:17.365  INFO 14480 --- [nio-8889-exec-7] engine.security.MyUserDetailsService     : Loading user by email: test@google.com
Hibernate: select user0_.id as id1_4_, user0_.email as email2_4_, user0_.password as password3_4_ from user user0_ where user0_.email=?
2021-07-28 10:41:17.452  INFO 14480 --- [nio-8889-exec-7] engine.api.controller.QuizController     : POST /quizzes
Hibernate: select user0_.id as id1_4_, user0_.email as email2_4_, user0_.password as password3_4_ from user user0_ where user0_.email=?
Hibernate: call next value for hibernate_sequence
Hibernate: insert into quiz (text, title, userid, id) values (?, ?, ?, ?)
Hibernate: insert into quiz_answer (quiz_id, answer) values (?, ?)
Hibernate: insert into quiz_answer (quiz_id, answer) values (?, ?)
Hibernate: insert into quiz_answer (quiz_id, answer) values (?, ?)
Hibernate: insert into quiz_options (quiz_id, options) values (?, ?)
Hibernate: insert into quiz_options (quiz_id, options) values (?, ?)
Hibernate: insert into quiz_options (quiz_id, options) values (?, ?)
Hibernate: insert into quiz_options (quiz_id, options) values (?, ?)
?[1;31m
Start test 230?[0m
2021-07-28 10:41:17.468  INFO 14480 --- [nio-8889-exec-8] engine.security.MyUserDetailsService     : Loading user by email: user@google.com
Hibernate: select user0_.id as id1_4_, user0_.email as email2_4_, user0_.password as password3_4_ from user user0_ where user0_.email=?
2021-07-28 10:41:17.556  INFO 14480 --- [nio-8889-exec-8] engine.api.controller.QuizController     : POST /quizzes
Hibernate: select user0_.id as id1_4_, user0_.email as email2_4_, user0_.password as password3_4_ from user user0_ where user0_.email=?
Hibernate: call next value for hibernate_sequence
Hibernate: insert into quiz (text, title, userid, id) values (?, ?, ?, ?)
Hibernate: insert into quiz_answer (quiz_id, answer) values (?, ?)
Hibernate: insert into quiz_answer (quiz_id, answer) values (?, ?)
Hibernate: insert into quiz_answer (quiz_id, answer) values (?, ?)
Hibernate: insert into quiz_options (quiz_id, options) values (?, ?)
Hibernate: insert into quiz_options (quiz_id, options) values (?, ?)
Hibernate: insert into quiz_options (quiz_id, options) values (?, ?)
Hibernate: insert into quiz_options (quiz_id, options) values (?, ?)
?[1;31m
Start test 231?[0m
2021-07-28 10:41:17.573  INFO 14480 --- [io-8889-exec-10] engine.security.MyUserDetailsService     : Loading user by email: test@google.com
Hibernate: select user0_.id as id1_4_, user0_.email as email2_4_, user0_.password as password3_4_ from user user0_ where user0_.email=?
Hibernate: select quiz0_.id as id1_1_, quiz0_.text as text2_1_, quiz0_.title as title3_1_, quiz0_.userid as userid4_1_ from quiz quiz0_ limit ?
Hibernate: select user0_.id as id1_4_0_, user0_.email as email2_4_0_, user0_.password as password3_4_0_ from user user0_ where user0_.id=?
Hibernate: select user0_.id as id1_4_0_, user0_.email as email2_4_0_, user0_.password as password3_4_0_ from user user0_ where user0_.id=?
Hibernate: select count(quiz0_.id) as col_0_0_ from quiz quiz0_
Hibernate: select options0_.quiz_id as quiz_id1_3_0_, options0_.options as options2_3_0_ from quiz_options options0_ where options0_.quiz_id=?
Hibernate: select options0_.quiz_id as quiz_id1_3_0_, options0_.options as options2_3_0_ from quiz_options options0_ where options0_.quiz_id=?
Hibernate: select options0_.quiz_id as quiz_id1_3_0_, options0_.options as options2_3_0_ from quiz_options options0_ where options0_.quiz_id=?
Hibernate: select options0_.quiz_id as quiz_id1_3_0_, options0_.options as options2_3_0_ from quiz_options options0_ where options0_.quiz_id=?
Hibernate: select options0_.quiz_id as quiz_id1_3_0_, options0_.options as options2_3_0_ from quiz_options options0_ where options0_.quiz_id=?
Hibernate: select options0_.quiz_id as quiz_id1_3_0_, options0_.options as options2_3_0_ from quiz_options options0_ where options0_.quiz_id=?
Hibernate: select options0_.quiz_id as quiz_id1_3_0_, options0_.options as options2_3_0_ from quiz_options options0_ where options0_.quiz_id=?
Hibernate: select options0_.quiz_id as quiz_id1_3_0_, options0_.options as options2_3_0_ from quiz_options options0_ where options0_.quiz_id=?
Hibernate: select options0_.quiz_id as quiz_id1_3_0_, options0_.options as options2_3_0_ from quiz_options options0_ where options0_.quiz_id=?
Hibernate: select options0_.quiz_id as quiz_id1_3_0_, options0_.options as options2_3_0_ from quiz_options options0_ where options0_.quiz_id=?
?[1;31m
Start test 232?[0m
2021-07-28 10:41:17.688  INFO 14480 --- [nio-8889-exec-2] engine.security.MyUserDetailsService     : Loading user by email: user@google.com
Hibernate: select user0_.id as id1_4_, user0_.email as email2_4_, user0_.password as password3_4_ from user user0_ where user0_.email=?
Hibernate: select quiz0_.id as id1_1_, quiz0_.text as text2_1_, quiz0_.title as title3_1_, quiz0_.userid as userid4_1_ from quiz quiz0_ limit ?
Hibernate: select user0_.id as id1_4_0_, user0_.email as email2_4_0_, user0_.password as password3_4_0_ from user user0_ where user0_.id=?
Hibernate: select user0_.id as id1_4_0_, user0_.email as email2_4_0_, user0_.password as password3_4_0_ from user user0_ where user0_.id=?
Hibernate: select count(quiz0_.id) as col_0_0_ from quiz quiz0_
Hibernate: select options0_.quiz_id as quiz_id1_3_0_, options0_.options as options2_3_0_ from quiz_options options0_ where options0_.quiz_id=?
Hibernate: select options0_.quiz_id as quiz_id1_3_0_, options0_.options as options2_3_0_ from quiz_options options0_ where options0_.quiz_id=?
Hibernate: select options0_.quiz_id as quiz_id1_3_0_, options0_.options as options2_3_0_ from quiz_options options0_ where options0_.quiz_id=?
Hibernate: select options0_.quiz_id as quiz_id1_3_0_, options0_.options as options2_3_0_ from quiz_options options0_ where options0_.quiz_id=?
Hibernate: select options0_.quiz_id as quiz_id1_3_0_, options0_.options as options2_3_0_ from quiz_options options0_ where options0_.quiz_id=?
Hibernate: select options0_.quiz_id as quiz_id1_3_0_, options0_.options as options2_3_0_ from quiz_options options0_ where options0_.quiz_id=?
Hibernate: select options0_.quiz_id as quiz_id1_3_0_, options0_.options as options2_3_0_ from quiz_options options0_ where options0_.quiz_id=?
Hibernate: select options0_.quiz_id as quiz_id1_3_0_, options0_.options as options2_3_0_ from quiz_options options0_ where options0_.quiz_id=?
Hibernate: select options0_.quiz_id as quiz_id1_3_0_, options0_.options as options2_3_0_ from quiz_options options0_ where options0_.quiz_id=?
Hibernate: select options0_.quiz_id as quiz_id1_3_0_, options0_.options as options2_3_0_ from quiz_options options0_ where options0_.quiz_id=?
?[1;31m
Start test 233?[0m
2021-07-28 10:41:17.807  INFO 14480 --- [nio-8889-exec-4] engine.security.MyUserDetailsService     : Loading user by email: test@google.com
Hibernate: select user0_.id as id1_4_, user0_.email as email2_4_, user0_.password as password3_4_ from user user0_ where user0_.email=?
Hibernate: select quiz0_.id as id1_1_, quiz0_.text as text2_1_, quiz0_.title as title3_1_, quiz0_.userid as userid4_1_ from quiz quiz0_ limit ? offset ?
Hibernate: select user0_.id as id1_4_0_, user0_.email as email2_4_0_, user0_.password as password3_4_0_ from user user0_ where user0_.id=?
Hibernate: select user0_.id as id1_4_0_, user0_.email as email2_4_0_, user0_.password as password3_4_0_ from user user0_ where user0_.id=?
Hibernate: select options0_.quiz_id as quiz_id1_3_0_, options0_.options as options2_3_0_ from quiz_options options0_ where options0_.quiz_id=?
Hibernate: select options0_.quiz_id as quiz_id1_3_0_, options0_.options as options2_3_0_ from quiz_options options0_ where options0_.quiz_id=?
Hibernate: select options0_.quiz_id as quiz_id1_3_0_, options0_.options as options2_3_0_ from quiz_options options0_ where options0_.quiz_id=?
Hibernate: select options0_.quiz_id as quiz_id1_3_0_, options0_.options as options2_3_0_ from quiz_options options0_ where options0_.quiz_id=?
Hibernate: select options0_.quiz_id as quiz_id1_3_0_, options0_.options as options2_3_0_ from quiz_options options0_ where options0_.quiz_id=?
?[1;31m
Start test 234?[0m
2021-07-28 10:41:17.907  INFO 14480 --- [nio-8889-exec-6] engine.security.MyUserDetailsService     : Loading user by email: user@google.com
Hibernate: select user0_.id as id1_4_, user0_.email as email2_4_, user0_.password as password3_4_ from user user0_ where user0_.email=?
Hibernate: select quiz0_.id as id1_1_, quiz0_.text as text2_1_, quiz0_.title as title3_1_, quiz0_.userid as userid4_1_ from quiz quiz0_ limit ? offset ?
Hibernate: select user0_.id as id1_4_0_, user0_.email as email2_4_0_, user0_.password as password3_4_0_ from user user0_ where user0_.id=?
Hibernate: select user0_.id as id1_4_0_, user0_.email as email2_4_0_, user0_.password as password3_4_0_ from user user0_ where user0_.id=?
Hibernate: select options0_.quiz_id as quiz_id1_3_0_, options0_.options as options2_3_0_ from quiz_options options0_ where options0_.quiz_id=?
Hibernate: select options0_.quiz_id as quiz_id1_3_0_, options0_.options as options2_3_0_ from quiz_options options0_ where options0_.quiz_id=?
Hibernate: select options0_.quiz_id as quiz_id1_3_0_, options0_.options as options2_3_0_ from quiz_options options0_ where options0_.quiz_id=?
Hibernate: select options0_.quiz_id as quiz_id1_3_0_, options0_.options as options2_3_0_ from quiz_options options0_ where options0_.quiz_id=?
Hibernate: select options0_.quiz_id as quiz_id1_3_0_, options0_.options as options2_3_0_ from quiz_options options0_ where options0_.quiz_id=?
]]></system-out>
  <system-err><![CDATA[]]></system-err>
</testsuite>
